171201
24211
1001
9936
0292641
000
765625
0121
0816
3125
7
09375
9875
7536
67616
9
98816
015232
9140625
39453125
2093
59456
25
64164096
008499
8016
187776
2397881
47361
3199021
7926144
9
9
72907829
4
504
72433707
1
00000000
04791
32
28481
79136
33599232
67094016
281
7041
48
4389921
2
7890625
39084544
27001
4
12018649
3624576
125
640625
00000000
2
4
521
89
1514501
41
3
21
3321
8416
925376
75963537
721499
00
000
857
1081601
39616641
0823381
941161
0000
47369601
6718656
56
710241
30031361
51
7143
083709
0512
32025
4
7
9304976
8864
6212096
87936
56025
0
625
29835776
