168
1
1
625
9
432
881
112
9456
3
336
241
6321
121
4
4561
5521
0
5
009
36
000
1
7632
0416
4
6107
3776
61
32
69
4
69
7936
5625
0
481
2927
6736
6
625
32
976
6721
01
1
01
56
536
4
91
3423
3424
1
53
576
1
039
8249
4704
568
9
625
3792
361
176
968
5296
4
296
2771
0000
2016
401
9
25
21
601
61
76
000
68
8
57
0000
44
24
224
07
000
896
8
1
81
29
472
2624
424
61
3856
441
249
2
1
953
01
9441
49
25
9483
536
993
1696
0512
63
56
296
43
0000
9375
7
6
409
0921
0256
1
000
9
649
3
5
6
151
0000
824
1
37
0496
0625
9
9056
4
76
00
5409
224
4384
56
00
6
8
896
896
6
44
000
625
53
59
872
3
6
76
3
224
76
33
00
81
01
2633
0000
0000
5329
1
7152
24
7024
5319
8976
179
01
00
3
801
0176
1856
3601
4
25
5696
0000
29
6
041
9376
7
6
6
1875
9456
9824
376
241
8176
5625
6832
000
81
0625
9929
56
76
25
1
25
8321
9
8963
000
792
1
25
6
8
7856
0416
049
5632
704
256
351
2
001
759
1
76
6
096
5
79
01
41
0625
9
6259
8
6
136
4496
6
7441
69
8
69
5411
59
8125
24
696
875
4
5221
52
0681
256
1
3
2529
1399
00
4129
0625
5776
36
901
25
00
00
3568
81
9
5625
000
2801
93
000
1141
064
0
0
0
3
5
8528
6001
8752
6069
25
72
8032
2641
456
32
5
8976
6401
000
161
671
1897
9936
4
6
6081
49
961
1
4096
43
89
809
75
7
0
01
2
344
27
176
4
000
04
7841
5
43
76
1
1
3891
8
784
1
2576
0000
0641
5921
801
0352
0
01
4864
8227
9056
608
21
896
24
0625
16
5
1
32
4
1
84
376
9
25
392
0625
000
976
25
73
6
0000
9
8
41
9
75
101
1
36
07
1
4
3
504
0
8
01
624
25
625
224
75
9
0000
9163
56
7
71
4624
76
361
7921
9375
07
1
376
75
6
0000
4
5625
4321
3536
25
9824
6016
61
8
8256
961
296
664
2281
0000
2
5625
5
1
8576
0816
01
76
9
875
136
201
376
128
7776
76
4512
4144
13
4896
76
00
03
649
25
69
249
4917
616
28
0000
0983
0096
8368
375
688
76
2
8
619
2
000
536
25
00
7601
757
041
896
0625
31
168
376
00
1
000
136
5
0609
5
71
52
6
8176
6
6
671
7169
8912
61
6
824
8
0864
44
6
1
7199
1
4
096
4992
853
32
536
32
93
875
9
00
25
1
368
3
417
25
56
1
24
5
8
8373
5296
6
625
4976
5
209
4
6
0493
25
8
0000
7201
7904
00
2
0544
5
77
5069
1
328
1
0000
7001
4961
8
0
0000
1
041
625
121
0625
25
321
6432
768
143
0544
4
656
04
6
63
4624
41
163
9
157
21
07
56
0
401
28
399
08
504
61
6
4
00
29
792
1953
456
401
5
6
5625
8001
1
7411
6096
921
04
4157
1936
6624
96
712
649
9041
4336
44
3281
625
000
1
000
1
5625
2961
376
9376
6
1
21
9936
744
7897
3
0
8624
6176
1
12
5056
721
16
361
2
0000
9
4096
01
72
5296
8
1
625
0037
5
0
4576
5
2544
9
493
0000
8001
2736
7584
272
856
49
919
8
6
1
0625
6875
2
0000
5
49
344
6576
0464
864
01
84
9
9824
51
408
984
4751
6963
2576
896
4656
49
1601
2944
736
875
1
0000
5
24
0000
2
7841
013
7
0
736
449
241
68
31
001
00
625
1
809
00
321
704
2736
0881
7
8976
2
000
728
000
8
1216
1
6384
6471
0625
6
376
6
0625
000
376
6
31
0
29
3
7121
0000
625
24
76
76
1
04
5769
224
6
3
81
952
73
456
921
56
1
56
5
4901
176
76
21
024
881
2
8125
001
76
2592
072
11
6
000
36
6
68
0
6
1699
096
7904
1488
001
6
3629
3601
57
5312
03
749
16
4
17
4375
6743
9776
496
4
51
92
75
664
2901
9
6
32
6533
01
1
1
625
0961
5
19
0751
816
52
401
6608
57
01
9001
000
9
787
224
7
816
00
0851
21
25
29
0000
0000
36
25
589
081
1
25
0000
625
411
5
2951
1056
056
016
84
00
4
5456
256
32
0704
961
641
2224
43
0
000
9
1536
3696
6
0224
0
72
296
625
8
00
6
801
0
49
5056
25
1
144
3
733
5921
125
25
312
2064
125
943
256
496
1
01
0000
5881
5136
01
01
5
6
000
9
0
1
587
9
7223
0000
424
4257
5024
5625
2
4389
625
5
000
01
56
36
8963
00
59
7936
1
49
0592
00
0
625
0
176
000
36
157
67
0
161
7749
9
4
6
1
121
3503
357
36
576
921
625
71
16
1
81
321
25
3
9376
09
5136
8
68
483
449
001
536
721
0625
561
0416
5289
688
184
01
7232
89
76
41
1
824
561
000
24
08
25
2512
01
2176
1
25
8125
1
9
8256
00
0
6161
51
5
16
1
59
75
56
6
0000
7
6176
4
5376
00
0961
01
4
488
0000
856
7169
0241
0625
1
25
8607
1
0
4
616
84
61
8481
019
875
625
0803
2241
1
392
96
7921
1
6
801
976
25
5
8957
3
5488
01
001
469
875
1
8
0625
561
25
5625
000
1856
4921
0000
6
76
9969
24
21
1
3
21
239
24
6
1
6
1
7376
1797
9
25
1
9
6
3491
625
24
63
24
376
29
6
072
1
2999
0625
25
09
336
5641
00
76
21
000
808
8125
281
209
68
7761
488
4528
0
41
616
943
000
673
369
9904
44
929
273
4
4881
0000
5
152
000
0
76
6
9296
3376
76
5
25
8
161
129
84
4
13
7776
56
001
3
00
0000
5
361
44
09
29
8321
3136
84
376
6
1
4576
00
625
6
69
1
875
6875
1
0209
344
6896
0000
0784
36
1
432
32
901
04
9169
36
7
904
9
041
7619
0625
27
000
1849
6176
01
2112
1
0000
63
9
73
827
8
2224
01
0000
61
976
76
01
81
5
416
336
61
0000
7
6921
0625
0000
0
761
00
47
76
5625
877
7
1
7696
952
9161
544
375
0401
1
5625
807
00
7227
76
824
76
9
00
669
9776
76
6
5625
4
625
6656
176
0000
4299
201
7056
2313
16
976
6
256
01
000
00
4
752
1
25
7472
616
000
67
12
01
208
5696
68
8
3991
21
0016
9
88
9
281
001
61
88
1
76
6016
49
5881
00
76
41
000
64
8125
01
8
36
76
8176
8713
1
000
256
24
2976
4
1
64
0
8551
24
632
1
3
00
00
232
99
4144
0
1
8
0
824
0
0336
92
841
808
00
00
8
0
1049
21
9616
1
8489
016
0
576
29
52
616
9
6
24
037
649
896
793
1
32
5
16
9
0
7487
128
8
125
2321
000
3472
99
8368
416
696
6241
24
8097
0625
21
409
96
8
36
07
0625
881
5776
2544
6
664
049
9
8441
68
31
2801
3744
0625
64
1
883
01
5
5625
824
01
5
757
369
5
9
000
25
281
936
152
32
976
61
00
624
1
5687
39
2096
2249
0807
0128
16
0
1824
24
9
016
29
0625
7
57
41
4
01
7184
7376
6
9792
33
9
0625
039
2041
9
83
61
25
671
016
000
00
25
1121
17
625
01
379
32
25
89
63
1056
136
008
0
41
24
0000
21
4
6
3712
9488
7107
6624
5633
729
89
7
1
2
6
6032
5681
224
824
399
0000
201
4656
79
8
344
625
7
92
0576
1392
04
1
25
6
76
9
536
76
5376
56
125
0768
00
4849
576
56
76
4077
3232
24
5
0000
6
96
616
1
5
56
29
89
281
7281
0
8064
00
0000
84
0000
625
9
0
29
5024
1
081
304
211
6
4375
0000
187
31
00
823
00
29
0224
6
4
5625
9
0224
3049
76
9376
49
16
0
04
5849
3371
625
00
6875
3521
8401
816
9296
99
6
81
57
799
6
6873
43
799
7841
776
6
4
00
1511
44
25
1
01
0
563
25
4
1
376
68
0
976
93
96
776
0656
16
00
5056
1
957
864
1
5296
41
2
375
61
9
0625
76
00
624
056
625
1
625
3249
000
1921
749
7376
7
92
576
000
625
0625
375
889
51
456
64
24
7424
376
1
712
4
2
9
0161
76
4
24
8125
68
25
113
625
8
000
44
199
61
32
6
75
5856
32
6241
00
397
9376
288
616
376
4009
6
1168
601
5
624
6
1
031
256
21
625
4
424
632
4
4816
5
483
1
3
2416
000
121
296
0752
12
816
9
1
4
24
6
2
6
07
49
7
9193
625
5056
887
0000
8
5
49
7
77
6
7024
2
1639
801
5625
079
9
000
3
75
673
16
0
6
01
193
4576
968
000
3761
000
1
0976
336
601
4176
416
9
25
024
9
5
5
0000
8
5041
56
76
576
24
41
2
0241
0576
7
0000
2
92
4203
6961
625
56
375
104
4544
2273
68
6
7089
632
9
9376
416
1792
5
01
2432
3
144
5
5
000
4
01
5625
801
000
4
9
6
944
5
8851
89
904
5921
321
17
6
625
3312
0625
091
109
5
016
481
56
1
9
921
1
25
625
0
049
625
93
24
0
6176
841
7136
9
707
416
01
9
000
3921
2416
543
872
688
173
01
099
36
625
25
624
0
000
704
25
2336
9
5601
9
84
201
01
00
27
000
616
00
984
192
52
4
63
6
79
896
512
3849
375
72
976
768
68
4449
32
36
1
089
0625
017
9617
8407
7727
0000
69
1
9
9
0
121
827
000
4624
7
56
71
1
12
9
00
411
3536
0624
24
993
9889
000
76
264
68
049
25
41
67
9
6
6
6
4464
4375
721
976
179
6
601
3641
209
625
77
001
987
49
968
041
933
00
472
281
401
016
41
001
3009
6
1632
2
4
57
01
11
0001
4375
5
041
0801
1
84
9375
43
81
7728
5504
376
09
5072
944
5632
7296
0000
33
976
000
24
7472
25
9
632
3
8
5
001
9
043
76
0000
0000
76
7
2
601
76
000
6
912
521
409
92
8081
5625
00
33
3
9616
8656
625
0
0784
9
0
000
6
3341
1696
0
2
0
21
4
3187
00
544
4601
4
5872
00
387
9536
000
823
7
6944
024
1
6
37
4
1216
4
568
0000
159
2
456
4
81
9104
67
00
5661
6
1
936
9
0
00
75
6096
0096
4624
5625
68
176
4
16
0801
1
9
4144
51
0625
41
7456
464
801
9
76
5625
43
9
01
77
8032
75
1
376
1
5
03
392
1
296
44
1
000
328
4
0976
24
1
8551
6
44
8125
1
943
9769
1
01
361
25
1767
4
7
2
3
336
7376
0
5625
249
961
456
9648
61
4121
376
6224
6171
5
625
01
8125
43
0000
5
6
4
5776
4
1
69
61
99
713
24
6
881
112
1
00
61
1296
9
3
1024
6
5
75
0816
61
5625
9
2307
1
6601
896
0
8
4809
69
49
7
3376
5
992
4
0409
9441
71
4928
4464
9541
5376
3
000
4375
0625
57
36
7993
5
0416
801
2992
649
00
5
49
864
776
583
6
8
5568
7231
41
9609
0000
143
8
403
11
6
9057
51
0
0169
21
9776
09
536
451
8112
5
696
49
0625
256
504
6
0
625
561
44
41
376
625
5296
84
24
184
9456
712
3
9824
9
669
376
7653
0016
56
121
9
7609
8327
001
401
032
3969
00
6
625
1781
1888
4
75
1
6
6
8
3104
5625
4
727
8331
84
68
4
721
76
61
00
0000
0464
6
00
3743
3601
2533
0
875
8125
2416
824
25
671
744
357
1901
1
44
56
36
49
321
9491
312
2713
1561
1
1
0129
6
29
1
576
3481
5649
032
4375
04
5625
5601
4768
0000
1296
9693
9936
76
68
0625
9568
024
76
1
24
5216
76
875
689
6
79
96
8
6
561
499
3136
0032
24
625
5
61
31
24
979
944
1
4441
04
6
8912
0000
1
5571
61
629
3
1104
761
6144
0000
76
8
277
9
129
9
5
5088
0625
6368
04
192
921
00
8
7168
3121
61
041
8001
1
000
81
0399
32
61
0063
407
1792
51
889
000
3
6
161
09
1056
217
8544
2789
0000
49
0
4
96
1
0000
0000
376
9
04
5
01
7201
6
0
24
5
6
9375
0000
632
0000
4721
401
6
0000
9601
96
2
92
1056
6567
96
248
24
1296
00
25
361
4
57
0807
31
768
41
584
8576
1
76
201
1649
000
001
25
1
17
8241
4
0016
63
9
9424
56
01
9
2576
856
737
881
1
6
249
6
68
99
0000
521
01
0
41
000
4361
5184
9696
1
0427
1
24
0
1
0000
424
0000
032
9
00
9296
25
67
24
0192
0
2
4
0704
3376
000
0625
4251
01
984
24
21
625
000
584
01
6
67
56
701
949
1
344
0272
6
752
96
5323
93
2816
576
6
1
0001
0625
21
9
000
241
00
000
712
33
3849
6
0625
51
729
56
4
75
4
4
496
25
007
8
8481
39
8032
9
3125
721
2041
0000
4
4557
201
6
56
064
24
551
1
961
1
4608
36
1
699
5
7681
44
2
1616
397
264
496
224
00
84
000
256
9041
00
32
01
8
5601
584
0000
024
6969
6
0608
5456
1
4943
000
0000
1
2
2801
049
2
6
3657
6
4
5
8707
6507
09
0000
368
00
21
81
0576
3563
59
0625
1
7501
3649
29
39
625
601
7408
56
099
76
01
8
01
4401
3504
8
1
56
3376
00
6
25
736
8
32
519
216
01
6
3
57
4464
4
5625
1
8009
9
1
6
0528
9568
4
6
111
3889
4
1
2729
1
557
56
0000
0000
99
01
0641
0625
6999
75
33
7121
001
0
5
568
883
1
121
81
976
8449
9249
0625
761
376
41
5601
0
1
00
0000
96
919
1249
56
9
2
07
693
61
24
01
24
221
00
7
4896
36
6
0321
001
21
000
624
0
01
2
00
9024
76
0000
56
801
08
8816
9375
7
04
752
6
1
3376
0000
51
889
9216
4
6769
16
2
24
5297
6657
375
841
824
3761
1
744
48
624
7449
7201
728
6
16
2
7
001
761
41
000
0
6849
816
61
232
64
31
2624
61
81
987
6401
01
6
241
8193
496
0000
76
2624
6
056
25
24
949
3
4736
5
2416
49
16
3408
6789
7808
9
376
6
6784
7
6
552
6
9
25
68
0
5625
6009
36
56
1
1
104
3
2
4171
3
5821
21
467
303
0
176
527
0625
0
0625
4561
849
209
376
84
625
01
2139
376
4
471
5
4
3401
7376
299
75
001
0432
4161
0000
4211
8561
11
8
929
56
0000
001
00
3729
5
0624
76
31
8
264
976
5968
849
47
1
24
5696
41
0000
24
337
00
000
0801
93
6
00
1
0000
6157
76
1
369
5625
0000
6
1024
1
8125
12
9309
21
1
0
00
7424
6
6304
768
2551
4
376
5625
361
111
7344
0000
0
1
81
000
0
001
841
92
3584
49
000
000
769
48
768
2656
1841
76
25
797
000
043
0
136
96
1019
97
25
0000
72
1824
0528
5
01
5
31
8809
68
29
73
76
000
41
1
8291
2096
293
4
6
6
296
24
00
649
203
04
0
1
248
536
41
3904
07
056
00
69
76
4375
5
56
0
5
4
056
2656
481
779
6032
41
856
2
6
0
6
5625
496
2576
76
6
5904
0000
563
01
3136
5
5625
5
001
625
041
7481
081
5281
4
4
568
56
161
0625
2
97
07
00
936
9376
00
6
1744
1761
25
16
75
52
64
1296
9375
49
6
0
5
9349
1
032
6
688
7
0
4896
336
96
0000
0000
032
8827
12
49
4
5769
184
9
776
121
4161
24
4176
4459
5
56
0384
0
4
96
4193
8672
601
6
0
16
0001
056
6211
96
904
25
1
0000
0000
41
4241
1
96
84
01
3523
6129
9
2909
0000
4
1
5
1
5296
2288
1601
4
6256
56
392
000
811
8
5
00
304
6
5632
096
337
4375
9136
44
9
25
96
6
6
6
8304
25
0000
1
88
6688
51
91
2849
744
08
0000
375
9007
4
6
343
6
57
4375
7776
00
1
2
1499
6
625
96
6
09
416
001
4561
179
661
76
61
696
1
2561
649
6875
424
343
6
944
625
336
0
4
6
721
00
896
75
2
272
4749
0
27
017
4224
24
157
1
016
21
5184
24
5
24
1
5456
1875
75
01
3776
61
891
4375
776
75
3489
21
51
976
1961
161
7
56
4
25
51
0
1696
441
6
1
167
5481
1
061
4
312
079
9776
41
6976
6227
16
049
25
6
569
832
6071
87
2
21
625
6272
6
5
1875
72
0
841
13
0625
7
68
25
369
3507
1401
8661
7
01
00
2
0000
7824
669
169
76
01
161
5
5
0
0625
968
1
2481
25
624
76
0
1
6
4449
6
3
1
664
0992
68
793
1
3
1
13
601
9
4
9
5376
41
8001
3872
024
89
68
8125
4999
001
6
03
56
00
6
376
21
0208
63
0625
25
75
12
8816
0000
7
5
9184
625
8944
7049
4
1
296
9121
92
2
0000
9872
61
68
2209
9761
0213
56
01
88
993
51
472
6
0
00
41
1067
6
361
00
49
16
0625
4
369
6
59
4
4
0
96
0000
16
6249
81
7
6672
3936
9361
2096
8757
8
304
13
136
1
25
4
5
9
00
51
7
896
369
8
21
0
0
032
8
81
721
448
5149
00
833
5201
36
6
16
12
696
5776
625
3
5
8887
0000
6
6
3811
368
00
8883
6
64
0625
3
1
8
8125
069
4
0
4
137
9
6289
832
48
9521
0000
801
3
4896
077
24
59
0784
187
0000
6544
8057
8176
00
1
488
6
6976
1
9
24
781
6
8609
7
1917
1552
3441
8704
1121
8
121
29
77
12
9168
7891
992
76
07
4464
52
2688
1
76
4
7
9289
00
0
6
3
32
056
56
84
0000
000
8
1
0000
23
801
56
0473
8321
4
76
7993
96
456
6304
000
1
048
976
088
2496
376
1
3125
5
3041
1
13
6
000
6
6624
27
8
0
216
375
1
6
576
01
8
6096
4224
76
1
6
296
2784
2
21
6704
0
424
3296
76
144
4
9
4241
1
4
29
929
4
76
9
4416
32
56
121
16
1
879
3777
501
16
6
96
01
784
216
25
56
6
0176
1
000
9499
0000
2
5
33
7849
157
7008
6
216
2241
656
0
04
0
25
8
1
6
7792
44
00
5841
49
625
36
25
6
1
625
4
9376
776
6
616
999
81
625
144
921
1
2432
519
625
609
561
07
3
88
4608
44
9
7
1
6416
9376
21
56
624
6096
625
07
625
76
76
6
8224
7521
0
81
7337
9
00
3456
63
1
376
664
2
25
184
1
41
4736
752
83
000
129
0625
0000
84
0000
449
000
1
3801
4
64
75
4375
2489
16
2
01
6289
41
921
2147
104
7456
6
001
81
3
8401
976
5
657
25
000
531
3601
376
8
0416
651
248
176
04
4
000
5
32
1
25
23
8
24
000
336
00
92
232
6
9589
9152
56
416
1801
7
528
897
49
9
6496
43
8448
4609
9056
0336
00
7283
1
0128
0
469
2
0
76
00
1
4
9
76
4
8391
01
9457
2
1
1936
48
61
3759
21
61
61
912
00
6
5
33
721
9
4493
3712
5
1
01
9
00
6336
424
7776
9
21
376
7
0
0000
376
01
001
00
2
624
688
0625
4617
25
25
01
6
76
744
44
1661
489
1
801
39
0416
6
6336
9808
0625
61
73
25
1157
5
361
2
5
625
00
1
24
0
76
01
00
2849
1
8448
0896
6
0625
4
00
008
25
9376
25
8624
9681
375
625
0081
0000
369
637
6961
8
01
1549
6816
048
8816
432
76
3536
7
44
401
4
1
4144
00
5501
25
7921
9
4721
76
56
8401
4224
2
3251
176
49
6
41
89
89
3657
68
3136
3
3
36
6
0
0625
0000
76
625
072
601
841
00
00
168
3947
88
0
7264
9984
432
2601
5
6
507
7936
49
561
0000
096
601
151
125
601
01
000
000
976
4
7
07
621
68
1201
0801
8
5773
25
00
36
87
97
25
664
7881
5904
4
301
00
24
5625
81
88
0704
69
9136
696
00
547
00
0000
61
56
0000
03
6
2
84
56
1
9184
16
6
207
4001
3689
0
5248
125
5
91
000
0112
6
24
6
0
3344
4976
217
5
16
217
16
0
1
2897
75
6
5
729
08
4375
001
176
6
1
4
0000
01
00
539
99
76
29
209
24
6
0
931
000
000
63
9456
00
1
01
001
4
2401
409
4375
1
21
9
3041
5187
6593
672
625
96
629
9557
61
21
9232
625
056
0432
464
0
2521
1
7984
0625
848
69
000
368
629
6443
6
832
689
2
76
9
000
4
1201
21
7136
3969
2
32
6
04
49
8361
0569
6
136
576
0625
601
01
48
0
875
2944
1
568
76
801
39
0287
4789
6896
824
56
000
0
25
00
8
875
1
8
16
7841
4
161
5601
976
4
000
256
7
049
36
888
49
963
1
625
81
6
9
68
41
625
4
36
49
4
000
401
032
3125
408
763
4
1376
7296
61
6
776
293
0625
76
6272
6
4384
936
4
9
0000
4
4961
89
9
416
224
1
8649
8849
89
136
1
961
01
1776
000
1616
5683
936
457
704
208
56
5625
8113
728
71
5
24
1249
1
49
4375
7337
9
1193
1
8624
4816
00
432
3
125
1441
721
77
6
1
169
4
00
375
176
04
083
000
7
457
76
69
5301
6
3279
00
8
44
0
0
00
61
704
6
1
5936
2
84
41
000
3744
688
544
069
5
5
0
9536
75
1824
2001
9
3
25
625
104
5743
49
201
1616
0
4
44
6
96
192
1249
9
8384
32
0496
29
6272
376
4912
547
6499
16
968
01
8125
1833
7
81
5776
39
3401
3312
76
000
0625
144
1
3783
361
36
84
4
8
6041
53
00
1
4375
4
76
76
896
4181
6641
7
76
143
25
1249
41
576
4481
8
3
4401
801
44
043
01
6
04
336
2
881
6
321
0319
568
379
0721
25
2481
75
6
92
0000
9
288
023
12
1
209
56
0625
1344
81
1737
8
76
6
0749
5376
896
2
9
28
16
0816
6
568
3024
56
000
8496
0000
25
2539
9
36
043
93
1
21
4832
36
161
00
83
4576
52
4464
875
00
0
289
0
56
1
0976
41
6
1
81
0
968
249
133
0000
224
456
00
96
0939
5408
7
9153
5
7957
4
4976
4
41
144
9
000
41
57
3131
21
1
000
913
7856
875
823
00
21
6
61
304
587
048
99
8448
1
6176
0321
84
4064
0
5625
377
9
5
0625
1
751
896
76
2064
52
601
0
856
824
1
36
0000
264
1829
93
1
2801
496
6
161
201
4656
0000
201
5
449
9249
976
16
9681
64
75
96
29
641
888
75
464
1
5625
1
024
432
6
2896
9
5625
048
1456
6
9511
25
477
632
0625
624
6001
92
9
0624
0000
472
00
6
61
12
681
1
5
93
4
4816
3
5853
00
7631
6
159
601
01
6
961
0
0625
0000
4
384
0000
00
32
281
92
76
841
1472
625
6
3024
49
0
4416
31
856
0419
5
1424
4
009
84
0896
76
0000
24
5759
2193
000
73
32
4976
936
0000
6
4
3
000
8896
2357
6
168
976
72
7376
76
25
000
752
7057
9713
4
1
25
3543
3264
0
1
2256
000
4881
0
904
76
28
072
52
681
96
69
3749
7936
5
368
09
000
64
9777
0000
4
7776
43
424
881
01
0000
3201
00
376
7
6
1041
1875
9616
64
875
875
749
8
8
976
137
56
157
1904
013
1
2
1
2401
01
6
00
00
0
0000
9201
59
1
496
1
6
1
1216
1
0288
5
2
849
216
7
92
336
009
9248
488
09
0000
0921
000
29
0000
6
12
321
09
56
21
4576
369
184
1
121
6416
28
1
625
081
3639
0625
9
96
5
6
6
21
0
29
0624
4896
7193
6736
4416
32
5
76
9
00
5664
6
1
16
00
376
52
3
889
624
56
0801
64
00
7264
6
3
9
49
0249
0
721
1
25
3
449
951
656
88
5
9
6
1
3
9841
41
87
557
29
0896
99
00
2304
4176
281
0816
1
8601
7
1536
401
4161
23
32
47
1
496
2
36
09
6
9
44
4
6016
6
7
97
672
6
3104
0000
3449
509
0625
93
2624
0000
00
277
6
56
6879
6
16
0000
4
00
416
41
0
125
01
717
00
499
6256
25
0625
2
24
125
201
907
9
0000
6
4
99
75
917
84
3317
5664
53
437
8125
41
000
1
987
789
496
91
3904
000
6
839
9424
00
25
2336
296
944
4609
3024
1
377
8176
01
376
83
5625
625
264
9
4801
61
576
57
1
5
6
1
32
6163
6
87
248
784
2201
7744
401
875
81
3
88
00
0801
3776
0481
3
0889
49
00
456
051
00
7
3
8473
625
0
1781
9
713
641
5
401
5376
125
4249
6
309
7
5601
56
309
09
491
09
5
0000
256
625
32
4016
16
41
17
76
64
4
4
3376
957
1
4
9349
2687
401
24
6741
0624
0
576
392
369
61
568
16
5
0432
6001
1041
76
41
6
864
8976
0000
9
63
4576
4
3529
00
5201
144
0
1667
8096
201
6171
4
0625
6
184
37
528
5361
5841
224
424
2752
01
373
3
951
2803
875
704
296
5
493
329
43
625
5
32
83
363
7744
41
0
121
19
4
432
44
72
5776
9936
6841
21
24
13
36
68
504
24
1
61
3
576
6
6
9281
0000
1
59
37
5
21
4143
432
1
6736
61
249
6
5904
7296
064
291
0625
8832
8081
29
4
4
416
161
559
5232
121
984
8
6
227
977
1
761
5649
616
2224
25
673
04
1
9
5
21
625
01
84
9375
213
01
4
7616
75
57
0000
1
5
81
717
97
39
7
624
00
056
656
6
3552
4
76
376
000
329
201
4
9489
41
6816
72
1
16
8097
376
25
24
3201
6
9121
0656
1
856
76
16
0864
736
3681
4256
984
5
2768
641
07
7657
00
3
561
000
000
9
691
7801
1
6
176
416
2368
56
1
4496
8976
4
28
1
0
7168
0
875
6432
6
0000
44
4
192
816
1
76
4
93
000
3824
2001
01
08
7649
0625
4
136
32
0000
3
1
0112
7
896
2096
76
0
104
1
88
576
000
9072
00
5376
1
000
1
2453
7
176
456
7
8571
68
859
376
376
7
01
3
0000
8
401
4
329
551
1
31
041
61
41
0000
01
376
5547
625
81
8
6
5
9632
776
2144
93
01
776
464
5
969
9023
416
41
129
3
7568
0459
936
4375
6
417
7424
99
9
01
219
024
16
625
39
496
6875
6
7
96
5
376
04
6
0
5625
1376
1
5
4
000
081
000
8
7
01
6
1
6
01
2
201
5607
59
689
5872
47
2112
00
2896
0
0000
31
29
4
3936
496
76
25
84
000
25
576
4153
3
0
8976
6064
49
4609
5216
799
531
6
6576
4
6
5
6
7616
8
4403
76
32
6
211
4176
1
49
5024
776
929
232
1
424
375
0
787
9069
7632
625
17
375
36
3024
5625
3
3
2849
0528
7121
000
6
76
6011
8
413
68
1459
032
68
3281
00
76
533
8247
5
784
49
625
0
856
2832
2
8144
9568
0000
7
36
16
6
7
76
8
00
6
0625
5625
000
9
0
1
5625
6
001
216
5536
01
5
639
1875
977
824
2624
9743
84
5977
9
75
28
25
368
401
5281
625
4816
007
0625
4997
376
6
7
849
4
824
0721
64
9
9957
0009
576
5401
3136
632
25
8493
9
11
56
4
1
16
375
4001
47
09
0
68
625
5761
0
1
2183
7184
9792
0624
4
84
25
25
341
04
27
952
28
7808
96
1237
73
7401
5307
16
3
69
2
625
00
1
8961
1
824
1821
36
201
4
8816
6
656
16
000
9568
6
4
000
5456
7
6
68
00
2736
6
896
0000
1
601
87
6
201
5
696
00
1
0000
5625
9
976
0000
89
059
2
9
001
77
2224
3
0625
648
5625
31
216
00
0769
000
32
0
1
432
25
2384
1643
616
6
0
1
41
7824
625
496
0
4257
1
0625
21
576
864
6
3184
43
76
89
449
5
609
619
4
6
7
01
1648
1
424
553
249
19
1
081
9
000
84
000
25
0
2864
6
136
9696
0848
1
8801
76
128
256
576
6561
2
4
0384
0000
92
00
376
0
0625
016
000
9375
0000
7
496
953
000
19
856
351
6
7632
8656
008
6
336
8299
424
6
51
3
33
24
75
96
41
5625
0016
081
361
16
04
441
9
84
0
049
5939
47
592
561
1296
0
29
0625
0000
625
00
232
776
0624
625
624
601
01
4
0625
0000
0000
36
625
0656
176
8
081
625
13
01
113
2839
6336
88
6
5856
459
624
2
7
1949
1104
33
01
28
4016
1
76
081
9344
571
76
521
5536
875
5
616
221
616
000
81
000
6
49
9936
3441
76
41
9
625
2
4199
4
2713
49
701
1
81
521
1
000
1
625
5041
321
7568
167
01
7
00
4864
43
624
904
16
0000
2769
9424
53
681
2721
9
44
0625
25
7057
8
96
76
3
069
92
76
712
5
761
32
5603
7456
5223
000
032
25
8976
057
161
1407
6
625
0000
4321
1875
7249
64
9
09
5168
2489
576
6
16
0625
449
2
6
0881
625
3
6
87
6617
4272
00
00
6
00
125
76
88
41
6
44
75
9001
00
437
096
1088
488
0624
6
744
367
2
4375
32
9
00
631
6
69
9
601
696
4
2
4
184
1
0000
32
41
000
04
1
1
208
625
9849
76
0
8
432
456
232
0625
08
61
4
1
000
9
269
0
0416
3
1
2
6016
99
96
5
4
6
57
76
6
5
6
000
9
6704
001
009
89
4127
71
9
93
5625
16
201
1791
04
9
12
32
43
296
63
3984
84
5943
7
6016
56
25
32
0000
0625
7
1
4733
999
976
47
1
2
1
776
3
9376
4736
399
0249
3
75
41
592
76
9
2
3125
9
625
607
93
6
637
161
721
3703
41
8
7
376
0
7
961
432
6451
1843
7
768
776
0911
61
0
696
9
0000
376
19
971
25
81
6
081
9296
6976
01
7
24
0000
000
00
4401
81
0000
21
56
76
3
16
99
424
0
944
9
5
76
49
1
5
3
01
32
583
1
000
9
08
9
6
896
5136
2688
607
2053
6409
801
613
601
3
375
1
625
00
969
0625
6351
76
2144
5104
8
0
771
1
0000
76
29
8049
00
1
16
1
8
625
224
01
961
49
16
8
21
00
8
2561
1
8249
816
1
29
6176
25
625
0000
209
52
841
081
3776
625
49
4
9
00
432
1824
7344
829
0625
0000
0496
0321
0
8544
896
75
09
224
76
816
201
624
09
25
6
256
00
21
401
3
73
09
0
056
0625
792
961
7
0000
696
9
24
609
43
1
889
56
28
824
077
267
24
4
1875
339
8736
24
4321
9
6464
1769
6
976
601
81
1
625
984
3
4
461
2576
000
12
00
000
943
0000
000
6
681
376
456
5
0
76
4289
616
0000
696
6
1875
9867
25
5616
375
968
856
24
28
76
41
96
0
0
744
0369
8193
0625
032
0000
0000
6
809
001
1936
00
6801
000
6
0625
375
144
5241
4001
2961
376
848
000
1
064
3259
6
6576
048
6
25
5
01
6
00
3824
041
1
8849
368
7921
352
064
3
1
601
9936
4
44
000
4
32
81
0
9
544
032
2457
536
875
6
6224
1
1
4501
92
1
25
136
5
5
43
0112
4
1
0625
00
5761
25
01
0
000
6
9
616
64
0384
3169
36
2144
7499
00
1
6
5
1
249
957
3
807
843
1
6709
5969
77
21
1
0
000
6
000
2
248
1
8384
17
92
76
1
2896
493
056
000
4
824
76
000
25
6489
969
041
361
25
251
44
56
656
7
5
376
576
9472
3125
00
0
8
059
8
9
8032
0976
816
9
2161
56
5
28
000
2
1875
01
761
3
441
0
3125
576
5376
000
323
36
76
329
0000
04
776
1
5
656
5
1
864
3951
76
0049
3987
7
1
1
4357
129
5
000
9
4896
0000
0000
6
36
9121
5
08
1
625
25
4368
00
01
4
0625
6432
4321
432
1
181
41
36
041
9375
249
5625
344
776
4
81
224
696
09
816
00
936
2736
64
4096
25
84
6
5
296
1481
0
16
1
01
76
1
9
49
7024
00
0853
8321
00
9375
288
41
5625
000
521
016
464
1616
4
56
4049
84
1
624
1
7093
401
0625
61
176
489
6001
01
1
9872
69
413
6387
0
6
57
1968
7
6281
0
3
376
92
001
68
9
7616
1
56
0000
1
7
6
9
87
8
01
664
0
24
5
76
01
76
0000
0625
44
5056
00
601
24
75
76
0832
0000
401
0000
5
6
649
1
000
801
9984
6
57
201
76
4
01
73
333
48
3601
0544
61
0161
6
00
69
568
8016
9309
000
281
0432
7441
0000
375
009
829
216
87
1
776
3499
216
9
1009
091
76
7
2432
56
8
00
00
4481
0
56
369
76
03
0
736
00
8112
2757
6
6
723
5
6007
1776
6224
0000
2
25
176
8
9
56
649
25
000
0
5921
1
6
6
4304
6
5
376
096
00
0
907
00
797
5
625
393
00
0
6
875
889
00
5
5
376
9375
29
1
721
264
52
968
00
96
049
61
36
09
3
00
536
0256
29
584
401
7
901
1424
57
9
00
9681
0000
856
9893
1
6304
000
0
24
7041
493
128
5376
401
0000
8169
4432
72
25
1
24
8701
8
4496
0401
76
6
4
61
376
9
5
5625
79
52
104
8961
1
961
9
68
2048
64
4
136
8976
61
5169
76
5
6688
3841
625
29
9001
96
4
000
4
36
0625
16
0393
143
21
48
2992
00
897
41
8841
0
25
41
625
000
701
00
0000
2368
601
4656
6
281
125
61
5625
0121
5344
976
6816
28
64
49
5625
625
24
6
28
1584
373
559
56
2
44
576
8
000
4736
03
2064
0304
81
3
000
5
01
9
36
3536
568
24
427
757
144
5
4
5
49
6
5649
6
624
221
9488
147
6
549
4
7
29
583
0000
249
96
29
9753
00
9712
625
0000
3
641
5625
9376
6
00
36
5344
6889
592
7
656
52
8496
25
0
041
6
7
601
68
000
8496
0000
3632
329
6
821
001
57
7232
6
9
1
81
3
807
161
1744
57
9456
5133
8752
5625
807
9
8976
1
61
1
824
000
0304
049
1875
1696
253
176
00
41
000
375
76
296
816
24
1
8
769
3
5376
5
0000
25
5625
1
76
92
01
6081
00
416
000
1
288
96
0625
856
9
376
7568
0000
01
0208
321
125
6
88
69
1501
4789
0000
457
0
84
6
081
1347
0000
9449
0625
112
0000
729
29
99
3249
41
25
96
0
6
401
79
5299
5344
0000
5789
1
2
44
5
81
232
2768
024
803
6
96
9
00
6
121
76
3409
44
7216
29
256
0000
3584
00
6001
01
92
848
2
4176
6
0224
168
5601
984
68
4
9824
9
000
9
00
6
21
21
000
4375
121
1251
0625
2784
4
01
41
5601
6
5296
0
801
5
0
3
499
7401
0
01
401
9041
9376
0000
5
97
1
3069
00
5
232
0000
6
241
2973
521
1
61
824
00
9
1957
4576
4976
6
5696
48
307
8
921
5
0625
2
8
4
6
53
7
00
9441
76
281
8624
481
0
561
00
84
61
1
1
241
1
6
6
68
0000
6416
21
24
6
6736
81
21
048
76
01
216
6656
8547
76
5037
677
2
41
6489
136
512
96
681
4
51
76
561
5
1
1
576
000
6
7
032
1
76
321
49
25
96
699
1
4608
664
29
7249
2
656
552
256
7984
16
9637
43
0816
4767
0000
344
921
6
2
8257
2144
19
856
061
52
5049
7696
2351
5
8801
176
1
07
64
8009
9
16
128
79
312
6
01
197
2
6
4
1856
969
1
6969
2
224
6
1247
03
9728
689
3
6
7
625
76
3761
41
5
201
9
33
76
0049
681
1193
241
776
1
0
3
2
2721
00
1
1361
9
5
8
9953
000
1
376
69
296
969
1
68
96
4
00
0
625
0
4
7081
375
00
521
76
3424
0000
2
25
000
432
7856
4
897
3
8771
5888
261
6
625
4
807
2
7609
96
361
2481
73
2
0000
376
408
632
77
67
801
1
456
8
68
81
608
36
2
0
625
9
33
2
6
6976
01
16
6496
2912
0752
0816
9929
0321
569
3664
0624
375
4
0000
6176
6
7
6
000
1
09
1
64
48
81
0
5
56
5
641
081
0
152
6
5
8601
2999
5
321
4
729
656
6624
337
081
8656
5216
0
5
8576
84
729
7
7
7
16
4
5
9121
2416
0
64
944
625
5
1991
5
1
1
6
51
36
12
624
6144
2049
0000
76
49
7289
625
709
432
3201
856
163
1441
5376
4656
3
9952
49
0001
2001
0625
56
1
216
8241
0401
57
25
9169
512
25
936
4049
0625
0
1136
616
376
947
1008
00
912
5
36
32
00
00
6
6416
97
125
5759
9744
5601
77
249
36
9
19
125
9
25
0
24
99
5344
76
11
4561
0000
01
6
41
8609
136
1
4
5
584
01
25
681
0000
7623
129
4987
5
99
96
25
4
6496
7447
5504
07
0
5056
633
9
6
00
6016
2816
0000
4432
101
61
921
7
44
9129
6
4375
9
69
375
76
4
241
49
504
16
129
44
41
5
1
1
04
5
2224
561
0
016
00
03
0249
53
0000
41
09
016
4303
1
625
3
00
3456
00
2
000
721
3
6875
2864
000
0625
219
9
0000
3
875
6
224
96
976
0000
9041
3
03
875
4
963
8477
375
01
6239
736
6
7233
4511
24
1
000
3312
6457
7232
041
8672
4
6
3
00
6
00
896
1
76
3441
000
01
68
16
5
5
5376
93
2224
801
000
9296
608
6959
31
299
1
816
000
1361
632
6976
76
5129
6576
76
5696
601
0
63
5
6
36
7216
3889
36
656
6
67
059
2081
664
7984
9024
0576
512
353
76
0000
6
1601
73
1807
75
5049
376
608
4
416
21
5
8
9
3249
641
25
5281
193
3
2576
416
7904
25
927
001
9
7601
4
9
801
01
357
21
75
87
68
0
8
8569
249
432
064
503
75
2
81
9376
856
1
5
601
1
064
632
49
56
39
8101
104
87
99
896
4624
0000
739
1
87
2801
19
1
0
161
6
5
832
7
0625
544
1
9696
456
216
1
16
001
296
1349
6
4624
000
36
191
752
21
4
7081
321
4
4
5841
68
04
4
6
9921
00
201
401
856
0625
6
16
7
1
81
328
9
25
9301
3201
9
424
056
7008
376
08
0
9543
4
93
4009
5625
48
57
3
0081
096
84
3
4
443
5
4699
25
237
3125
0000
923
84
48
6
5849
3569
2688
01
00
44
424
129
25
24
1
04
8457
489
5
9
907
1
21
76
8
000
2
3248
173
000
0443
6976
5
1
125
4
3568
6
168
0000
09
25
1
1
5
7
2656
76
5
76
6432
1
592
8304
1
7776
1
2349
7729
1
312
2256
09
000
68
6
6169
249
0000
6176
0
281
51
1
848
1936
6
4801
6
76
25
607
24
19
841
4
7984
625
0
009
8336
3
739
0779
976
141
6896
27
5769
944
1968
36
376
5
649
681
992
281
32
568
2161
75
1184
9481
5
0
736
0
6
6923
04
9
6
6881
9
875
76
5969
5
264
01
5
5616
61
1
0917
216
0000
4
8649
1
25
311
6
76
1
01
856
5536
2
309
6
976
096
6
6
8
79
1875
7
1
6
9787
576
61
9
561
1168
5625
6096
2368
601
947
752
816
0000
6
00
24
6
2976
921
49
2
5376
343
8
00
9
4299
76
6176
288
176
144
1
2453
875
0625
000
6
001
9
929
5407
096
5376
9361
57
81
3125
481
881
375
243
09
733
16
761
6
0625
7
0
1
1
5
9973
56
561
625
4
8
625
5
432
249
76
01
0
89
0211
6453
651
01
5369
5
00
0000
6875
0
01
7
9184
03
625
000
000
0751
6
4311
99
976
53
24
4357
5
5136
1
56
0000
9
96
9
4
00
375
01
2
1
75
4512
36
68
3
3357
4864
125
00
353
36
037
1
1
8
4
401
1
5
19
001
1
00
4016
0
7393
4
2576
6
2
625
496
973
24
32
896
39
601
096
4
7
52
87
25
0721
01
5
451
29
7509
8561
16
6
9152
7441
61
393
3
0000
917
75
4241
56
64
72
28
841
25
081
625
728
6401
25
51
3
33
63
25
04
001
1
6
01
6
0000
33
7
641
5201
01
963
6
769
00
0625
696
3168
4
3136
9593
5
9
61
8889
7
8352
3507
2912
973
552
216
0913
1
632
9
912
09
0625
6049
5
2861
81
625
1
8321
1
6
0
625
5
8961
57
4161
00
216
6
8
0000
5
01
1
0000
9216
36
4
01
7
3
361
1
809
7376
479
3121
89
1
1
61
8832
4576
8961
201
17
7616
77
689
896
9088
624
56
5
928
48
9216
6801
91
3
0000
6
99
04
6
3
1
4896
1029
056
897
0576
5
8449
1504
0000
3136
4
0000
6
9233
0000
96
9904
69
25
1441
817
161
376
44
824
07
01
9
6
281
384
2759
5
00
9
1744
4
656
36
9584
16
3168
8401
9
0
1049
8
21
624
8
625
368
81
000
5
112
349
5
625
176
1
1
3536
6
00
1
92
2721
0
4961
0
000
1423
3
625
416
00
3
6784
921
1
624
6976
976
03
449
88
7376
00
107
8379
00
6
6
25
951
5
24
952
4
000
00
89
9
76
0863
2207
0
5201
1
1
5
5
8896
7
161
6
51
00
0803
01
1681
8401
16
056
2176
368
04
1
807
936
081
0
3
92
1
273
11
096
6
0224
631
807
856
4
61
75
49
25
161
00
0
0081
5239
592
1
1127
4
136
6
0000
19
1
904
4
000
241
6032
648
649
8
5681
057
89
248
3041
672
8
41
7
481
19
0
5961
0625
0032
76
048
0
29
4256
49
00
001
2
6624
25
875
2
561
111
1
761
76
4375
25
5
56
25
625
0
5261
9856
9249
601
93
649
61
00
1
4
1
3
6
44
1
3
00
6336
456
224
64
3351
4
43
4
5
1249
99
504
00
4
176
00
49
8
048
0625
568
25
0625
936
672
4
75
75
081
64
000
64
3216
7769
00
625
576
3808
3
7841
71
00
6
64
25
13
75
0064
0656
61
2224
5
84
376
75
8976
625
0
16
84
9721
409
0889
728
7841
8249
9491
01
6224
601
699
25
824
0625
1
0487
5424
7
0625
0000
00
07
9491
1
00
000
019
2839
841
361
0000
968
9681
37
76
609
4001
4736
5361
224
28
361
6
04
289
889
4
1
1
1456
039
5625
59
0
1
52
5
209
2863
1983
49
2409
001
61
56
5959
00
4
5
6
91
0000
4
624
36
1
96
97
721
25
9
875
1
4
000
5093
000
8
289
76
8
1
1
0000
0801
376
01
481
000
5
25
6
625
201
8816
8627
01
5697
3
681
688
56
41
01
0000
12
68
8641
4641
9
24
56
768
5625
721
136
43
5
49
9
089
04
427
000
6321
6307
899
9901
2307
4
6
8
5088
6
5
8912
5201
1
4
5949
2
481
32
6
0625
0000
961
1
936
248
5463
4721
1168
3743
2
6
000
6496
992
76
56
841
499
16
8176
7504
5808
601
52
3629
76
7121
76
1
416
3
801
44
76
375
49
5449
4
0
1
4992
6757
1
6816
297
2
601
6
624
00
001
21
0272
1
7
000
84
2576
4
7296
0768
159
4641
81
7
81
881
00
936
281
7
2777
1
00
8
000
0
3729
36
768
1
0000
837
3
6976
1
9
01
656
4
92
9
41
024
9
6
6
9
000
592
184
6
6609
3801
0
36
000
499
649
923
3
1
577
29
7
41
7616
4
9
37
4
536
32
8403
6
5648
64
856
1
807
1
328
056
32
4
6
049
689
000
125
4
7552
441
37
75
601
36
6608
76
96
57
32
1
00
6
5625
841
25
24
057
4576
976
24
1
21
721
0176
3125
9
9461
9
8457
6361
73
3801
4481
0701
81
9
056
9
5
3216
5201
24
9
161
8112
9
443
3841
072
4
1921
25
21
448
6432
6
0801
3
696
719
625
861
5
5771
016
1
01
000
01
89
2939
8656
0625
5625
1
6
84
625
7
1264
879
84
7
473
576
1
76
5381
801
923
0625
8624
216
6
7
7041
0
9473
5
4
6089
25
24
1201
9
401
7856
672
00
4289
89
1
7
1521
5625
01
1
4576
8
000
6
8496
8161
1
36
56
7961
8103
2
5
736
3
68
00
6
8
0000
81
0625
5
056
9
136
04
603
349
37
41
1
4
961
4
0000
0625
25
624
76
6
56
9
00
5
625
5
000
8
5601
52
9
1441
91
9
0176
12
616
6
49
56
64
87
24
76
656
9776
5
5921
8
0
521
0000
5
29
83
351
976
625
8
44
2176
76
5
0625
4544
5
224
76
8768
9616
9376
728
125
6
8816
1249
0625
7984
5536
41
7121
8
5
7264
0
1
79
8
1296
1681
4
597
5
0000
9312
4
481
8384
44
9
5625
99
8
81
00
0625
68
8001
536
36
24
6
256
000
592
048
0625
44
51
0309
081
6
3
00
49
399
968
56
1
721
6
625
9
641
1
56
0
921
4
157
171
168
1
1875
875
7009
707
6
000
6
000
25
4304
967
08
72
84
0
625
0224
9
201
6
8
2
369
0000
4
5891
69
0625
6
41
25
31
2
0000
89
832
61
01
24
1
0000
6
4
000
768
375
64
961
7376
001
89
1
4
3627
16
801
32
44
2729
1
1
0
56
9573
0656
4
56
1
5264
296
1
51
9
2
6801
21
6323
000
992
4761
6129
624
16
201
8
1875
24
41
933
63
6
399
0624
827
12
4123
56
6
199
8
36
337
76
61
001
68
0
61
096
92
5936
04
8001
24
1
01
753
68
424
921
9
416
25
8001
9696
8
69
00
1
7853
36
24
0625
8
8976
01
25
36
96
11
6
641
9456
9296
8304
1504
93
9399
63
43
375
2
75
0000
625
29
6117
44
361
617
76
00
0001
1
8
0625
5841
1
1
0
801
3424
729
9
64
8
6
1
1
000
31
1
000
01
8343
13
2064
6
4
681
44
21
432
7441
0000
2201
923
001
6
4
00
96
0641
71
3889
5
9
753
456
896
976
376
84
16
109
72
377
649
24
49
0000
3696
9375
8481
52
01
3648
264
096
61
24
101
56
4992
0000
4
416
9209
00
2699
979
2688
336
416
625
4241
2
75
3
864
231
0241
2809
01
6
544
0000
561
36
2409
04
16
76
6
7601
1728
625
75
00
5625
7856
6672
625
61
36
8569
00
76
0
3376
1
00
1
8768
5411
9
6
00
721
1
01
37
000
7961
4432
4
827
872
25
8624
39
176
784
4501
0507
5
6401
81
64
6
504
01
6192
64
8909
61
149
3811
1152
0
797
1
889
1
6
9456
24
4
827
7
25
9
9
000
0
544
72
192
0379
769
8624
2
7
5683
25
56
6
5
9
557
2
01
704
04
169
9
000
2047
2321
00
7381
664
0368
056
96
401
401
9856
017
201
603
01
36
76
625
641
1
16
3088
1673
1
296
1921
501
01
864
4001
4336
6
76
7
4
4
0
921
6096
4
96
69
49
999
5
16
681
5776
24
1
1
8377
0
361
4
1
4
0
8544
6
69
61
000
24
0
0000
84
0
89
376
000
001
875
3863
000
497
25
76
6
119
201
3
6
6
25
6768
00
744
61
1
6336
01
031
36
625
00
0
6176
709
1369
056
6176
96
0000
7328
64
4
4771
07
5824
1
5
753
1536
251
6
4
336
0000
7529
721
625
376
911
0576
25
89
56
04
0000
44
1
25
976
0576
776
61
625
81
56
813
29
6
656
064
24
2432
5
6
184
3
76
7681
6549
003
11
75
201
2721
64
6832
2031
6416
41
125
121
1
44
27
3967
7
5
24
1
936
625
1
19
0
5584
227
625
592
6241
6176
4
8
16
001
641
81
0
49
181
2848
36
7
9521
41
976
3
8496
1376
36
21
7249
7193
6
21
0167
3424
96
2479
6001
7057
0000
576
1216
4
3
041
4
8081
248
21
601
961
7601
6
561
0
941
3
736
00
9001
449
68
000
9
96
0224
625
881
32
6544
24
7
16
91
29
1
01
0
01
96
875
75
4
92
29
6591
624
7161
6949
809
87
36
0625
0624
9
2853
16
4
6299
00
201
625
0
976
01
83
4
3125
0625
5
528
656
75
296
16
5456
5625
0
01
881
0
3872
2416
625
8437
0481
608
09
8016
00
3
25
2
296
49
4375
0000
000
8256
264
7
9776
97
2976
625
25
00
689
76
49
96
97
6048
224
168
3241
3872
8569
216
1
68
016
209
88
41
24
6
75
633
81
07
4
24
3712
36
0000
1
07
6875
3648
41
5133
888
1
01
1
1
3936
4
0000
6
816
76
25
376
0625
0891
912
0
6
32
1
656
0000
879
0000
512
1
7213
5856
00
72
951
9361
0625
216
351
41
1
5625
01
416
49
25
9
1328
1761
96
625
6704
36
00
9841
61
6
5625
5007
7
7
6
4
00
456
336
1616
019
241
8
1
248
656
75
00
416
07
00
61
1
5201
561
6
07
375
401
2256
4
7251
2496
8
3359
9463
25
4864
2
5
0001
01
1
249
1056
00
0
3901
72
4
125
1201
9376
992
36
625
8861
01
000
49
0
5
881
543
01
7776
8576
9
6
12
0625
21
6881
44
3
24
3841
27
224
68
09
8
01
6
96
00
76
563
0
529
79
84
5625
23
000
68
919
6
000
6549
401
2
7
4375
976
0000
25
032
56
000
2496
9
401
72
896
6
5625
1
664
032
5327
587
208
76
09
9
23
23
043
0144
5
625
5
00
384
81
96
1
7
