453125
68409344
625
896
000000
1
9511997
1784192
00000
547889
5
8
71875
176
2441
18721
76
43357409
6
6
00
24
0
23357696
3
3575611
936
1
8
25
4
462401
734961
766049
6
0848
45952089
849
76
25601
921024
01
2512
7243776
16
856
001
277376
3361281
296
7616
943
7
6
0459136
7991
61815552
79
625
11
757197
06325543
81266176
6801
2816
646709
5
032
254361
8125
70939392
16
00
8
00000
9609375
151
0
72265625
17010432
8
23136
1
98010663
157376
464
0117599
81901207
189184
011009
153
93280256
1
7968
04
28125
16
39776
53077907
56481
81
6
75
47264
481
4
904
6
4103
1468769
00
00
7
5376
84416
00000
0436736
96501
0336
6
5390625
52323328
9252081
75
5078125
018432
5
2448
4576
69409
0000000
0249
371413
0
61
01
6384733
879616
49
893
6049
83287
691
32
2176
51
1
92
2091
119
899
0625
39361
3814881
9202176
4
11377501
1
1
696
90625
3
9504
7739849
65492171
42713
69889
6
4
6
644224
7
59375
85316352
16
6304
09
6
58840576
184449
76
76
2
2801
0000000
00000
433536
6
930432
000
8896
7968
609375
1501
64399
57376
5
622357
52541952
970483
68
0816
5376
860249
568832
625
15478121
7
481
7241249
51870976
08
40625
281856
000
6
885376
843
49
627
407
5
70243584
889
356001
535296
6577
32
936
00000000
6304
0651
51
1775933
801
81140736
48828125
293
675801
00401
000
226409
6149376
4140625
03601
4
0000
28794401
13784832
0000000
392
7744
09499136
76
0000
1376
041631
00000
25
90001
6
0625
1
561
0000
00000000
824929
5488
69140625
6096
43
00000
76
176641
0625
1
5536
63712
6401
5
55104
45102241
36
3523
312
01601
92576
4649761
80256
25805824
249
1
01
013888
8484801
1
3105536
1025024
3160487
6896
1808896
93
71682329
1
25
979
5377536
85696
16
823104
32287232
039232
241
6
76
089
67301376
1584
12890625
1798561
621
6389376
00
0000000
496
1
40625
69
943936
57
37210161
0
84
03495473
0624
0390625
76
5433216
70368
9658697
33
6304641
955841
000
2
0848
01993299
07776
56
01
38368
1021
03757056
25
1
76416
776
61
562176
561
68021
25631
4620416
21
75690881
5513961
76
83809331
0
4140625
40064
9501
52625957
0
6
00000
72
0724736
9376
9
067
7
013249
25310976
54254437
9136
56640625
6001
00
361
21
2784896
16015625
7
00000
000
0128
16
11964416
3
000
95429
7721
593344
38618561
1
265625
00
1857664
1
3376
00000000
13339
8235351
0
6
12
00000
13921
0000
9
847424
3225099
73690007
18329627
11281
176
00000000
640625
000
231
60979761
0000000
7
90212864
49
5051349
7
731
36449
08909161
46176
847232
40625
551449
640625
1015625
0000
00
64
93856
01
724401
1
1
44744192
0356096
00000000
98016
001
98624
87
401
1393249
014528
6463616
9201
8325809
2348631
00
80218368
136384
81
831
5216
82432
90625
4604032
03589376
0000
3689
0144
4
009
8379904
37890625
85886976
4096
18624
896
56
90625
44
84943491
2890625
0
5
53247
89855232
492001
88
3296
92224
696
1
9351936
431681
0224
3
12
31987539
6
01
9
10528
6015625
7441
00000000
4595549
12801
201
6327521
91872512
1
5
2656
77056
7769
8125
03125
97
264
9974272
0
38671875
7361
53440729
0625
121
90625
79601
6
108307
376
97441251
7
6947
76523
9824
354881
00000000
81567601
4375
363
000
7443041
6
97408
2478001
9375
422001
783
36
3
375
119104
2
00000000
676801
960448
41921
9
74352128
851
9
119
5189376
47681
4625664
2
1
944
4
00
84362329
5
3616001
296
6
59
24
000000
0348431
22881
152
69
6973184
93741921
014749
01953125
0000
8174976
75
61
216
0000
08448
856
419609
3841
899443
17365441
00677499
046272
79231488
3441
50771321
0
70889
01
8962688
55783424
90625
46875
1
9659
75
9201
64
641
5859375
3049344
69140625
88237501
6
5625
562289
6999168
6
5625
557
0
34629877
6688
15205521
77664
0000000
00
59399089
0219776
8849
1
3568
512
1
29376
1568
3194624
0006656
709
4
16
0000000
0
0704
43303424
35009
625
568
3581056
6
9812321
84239201
6768979
307136
340249
7776
0
670489
875
365529
8261504
81
549
82862729
66976
54644557
56576
4449
44051201
259264
34375
00
21309184
727
5111
665571
84
36328125
40961
736704
199493
00000
55933184
4
4367
7372157
64576
06336
4819456
00000
03
86928384
8407
481
6
069696
88651
6576
896
9
40251943
77643529
05366401
00
390625
08
907
03
0209
561
64
616
10561
78070784
1
331
0303
625
00000
241
194811
8204544
88033201
86914304
181952
230081
67868057
85308823
00
7001
1
4375
000
7376
201
89558721
4
625
059137
128
0576
6
641
56
830081
18729
58872064
203125
435761
90625
9
76
5122176
85234959
49024
432
313701
813651
74209
9173376
0
84865413
00000
836032
00000000
41894349
01
88197376
09
69239079
96
89281
0801
77799424
65362409
441303
180736
61
456
810901
15625
885632
890625
0625
48925523
81381376
76
54999
154721
64
7191424
6
2
514432
721
110976
07
57209
1
59590656
65353
375
109376
576
4983879
95357633
5625
4561
34139136
208
00000
416
1640625
78502543
3376
0
8208281
624
5792
54782593
0049
5689
754881
32981
24418591
1
9
7657
76094249
460224
8359375
3296
45152
1
0
9298249
0000
67009
00000000
1979776
00
9572081
00
016
82497536
37376
452541
441
30537216
92247808
6814491
9
9582336
578241
8322176
00000000
6526464
91
00
96
6
14959
4
000000
208
00000
5228288
144
12
625
0063009
9787
2890625
1376
328
72907641
8859
4
7
76
760448
0000
569344
625
76
2
39
87184721
4
1121
6
32721
80832
3104
2799
85441024
6
000
76833
81056
7993
9
409
29
40625
3
5169152
00
98135557
519793
6
6246784
0625
048
5
7152
31616
167296
521
92519936
7590016
08
6
0000
976
2237319
00
5024
4
890625
54957069
201
758976
40625
1640625
0
136
4156544
20494848
62976
656
7856
4765625
23455201
0625
3504
1
1376
4464
16
197
19917
9376
5632
4579201
25
24881
46875
36
625
01321041
3056
6224
4375
79089003
8939
84
296875
7
32235041
7117921
4580771
89988841
2277
60118259
03744
09632
969
856
1799
6784
25
8613376
5959219
59449
6439681
875
609
875001
01
9677696
72224
94176
66637056
88544
6176
16
8749
4
6
52182784
8
25
00000000
1
86887
639872
92572351
21824
39716561
9140625
21302528
8848
3081
00
1765376
0000000
60231841
6432
64
8
28125
8224
000
7943
26301
428864
119469
00000000
64640256
01
289
9999232
5881
37001
01
4827
26235136
1796249
47
6
62272
67578125
5
66848
171875
5
31730581
00000
6
0000000
279589
6
0
0703125
976
90360881
22575104
3
83424
84765625
39589376
00
09513984
656
02053709
49
5024
431296
6
736
7266769
8855296
24
009
09
25
31162321
773763
04129024
816
881
323136
147001
368
8400761
472
2367921
25
96576
00736
496
9
84649
4624
6
14816
143
00000
281
2
3938304
7
7024
8
643456
49
86336
6532992
97203
75168
6875
28
9794081
5111
4497
77056
121
1
00000
47871233
001
000
2734375
75
424
70745856
25728
4
25
015625
93
76
2890625
4548801
001
68960512
107456
504
70208
00000
2961
75008
445601
2
984591
67431341
79643
416
348001
841
5921
0000
443
17968889
16299449
42992459
54857
25
44568576
00000000
4335743
7953681
9141504
1132801
7401
9601
1
72
675977
06143049
1019008
000
16256
008
1441
64
5389568
6
82304
68
56
32
6
5
29899
92137801
213376
2801
704
82336
0000
0625
4486021
0000000
943
261461
59296
43843607
0000000
803841
5763569
43556864
0
9510016
00889
60896
56130721
6571201
6
22151424
4481
40855899
33056
90564181
000
9
2265625
39905536
75
53556251
5
61472329
469568
0000
859
7
16
609375
041
7708561
9
563328
8281
01
537751
1
1369
82961
44
9693
6816
4688
00000000
409
0000
1696
67488
62922401
0000
8982001
82401
8321
8224
1058432
3203125
024
443776
1154209
21457579
56206901
7296
2667136
7
2449
026432
000000
07313
64
15625
6
157537
625
76
05964861
2490561
09824
88256
520001
59044801
41056
39776
1476608
913024
490889
11424
064321
1149824
82656
381376
6
5087601
424
0000000
841
00000
81081
2681
0000
0
94743
25346816
00390625
6328125
144
631616
5701931
6
940903
1
625
5632
69
8561121
73725441
16968704
776
45601
653289
66624
769664
1654656
5
379
625
2335479
31
7090944
9
625
82749
324481
37792
671875
1
51244801
6
18144
08981
7143
201
2036736
00000
6
6
6
1
719
03
1442663
949281
90881
35616
991
2176
9
875
25
9051441
0
24133632
96896
9
546875
0000000
976
0
625
6896
0000
409081
1669
00000000
2892169
41
8187
992128
5543
4
00
8713
01024
690561
72
629
6256
617087
32833
7
523473
00000000
640625
0000
24
57
56
3515625
4
112576
2398487
4898304
4
0000
6
7101
08
00
57135104
45169
02654976
5213
0
7706624
00000
40096
8338688
9616768
2001
6640625
953125
29209
87838813
992
4483
34868736
3790159
671232
2
601
29849
000
486801
15110144
4966689
76
390625
7893
1
10176
1063143
00000
25390625
09504
2280704
151961
73696
481
00000000
464896
08788224
40625
25390625
45984
5184
2588801
28
8
6633
000000
76
16
000000
4010624
51
000
816
24
24
7880733
8976
000
2969984
625
0000000
25
87879
3
02629376
05859375
35808
456
552896
8267
29376
76648729
93359375
142931
25394649
14630912
5
387136
84041984
03981681
96
6
05385121
2907
3288576
001
875
1361
57
4
99
9
9664
41
40234375
5681
6
0
40536401
45568256
1
293376
4
16576
9584
0
98287
32
936
4
90379264
890625
5952256
5
12890625
25
21
78692019
061376
9807
000000
44
1
432
01
624
447744
6
09419
344
9509
000
00000000
02784
28839827
00
965952
1
704
3
11296
36997376
27616
8545024
25
998321
0625
336
659776
08169216
51473557
000000
0
472001
6
24
98994944
76
09
000
4241
49
00
5
066816
461
4530721
7
0624
0000
8311
90625
400768
749568
44
8161
05178624
62176
36896
758016
40313
000000
201
001
387
390625
24991681
9609375
640768
61
2129
176
6
51
166807
00000000
599
8695936
1
75390625
43
5056
89
184
032
81216
120409
07578112
0000
016
0627
74161
06592
9535689
1
36
9010881
43
91495168
896256
856
324169
2060416
4
6
7321
50249
19016157
17453568
176
1421767
264871
2044544
041
065088
296
376
3
8
89504
76529557
008
10049
4714569
75
49344
49116393
39329536
3
84
6
00000
76
1
835776
663296
7248
000000
7
02369
7
7883749
5
443
0605199
8
463201
9959424
02689536
9
6642521
00
29821761
1
00000
4
241
45289472
91424
83
7
4375
00000
875
41697
24
93
90625
976
646656
0
6321
0081
376
758848
6
2
9
911
79
4161
388416
78911
71584
0873088
58153216
35561
081
75586107
155841
513841
3
828125
521841
608
051857
625
96
1
0000
916129
52768
02016
81
4224
2731136
07
6
00000000
4
0000000
9650816
61
33203125
3262161
792
1953125
00000000
010401
841
25408256
279104
8836608
027
00
212544
2962432
6
478016
420544
464
520832
000000
76224
849
917539
438323
8589
7399
6561
48
6
7856
1241
00000
80336081
53376
44576
87617536
32544
000000
00000000
9186176
15041
41601
24
000000
6
625
08
35361
570432
9324481
2105921
07
3746432
089
848
705449
8672
4072161
2890625
01
5296
5172224
2641
625
4503041
5892224
625
000
3796169
860813
000
00
7894267
5
04
92
7401
000000
02740871
616
68646849
3685632
0000000
096
0000000
194304
303249
0631979
1
6064
9984
89344
76
76
2
00000000
1
640625
8
41846016
2407019
69
84607443
00
394419
000
315601
00000
24
75
69
69601
00
56
5936
9163049
0677504
99201
9
90554624
5
7176832
44140625
6
10808576
39136
7
92
186287
6
1776
015649
587721
001
151041
34375
4467419
081
98454016
32
97953
6
00
630592
3648
890625
6
83095296
81
8
93
851527
85856
75
64192
87890625
7952
1875
874112
1
8
3
07809921
71875
00000000
361
954081
281
304
70464
25
0000000
330161
1876992
007424
5
75102464
0477281
6569
1936
000
289
1
5552
308609
008832
7
54007
9317376
519
640625
04881
49
576
87424
0
5
41801
5
0
33143
68974336
111
1032879
7029376
00000000
33719
00
0
116608
000
976
4
96875
393
5396864
5
54733056
59504991
85930881
000000
27
90625
096
1408
16668416
00000000
36
0091776
0000
916161
8933
28125
3201
257216
4582001
409
082944
8539757
61768851
36
4
04
523456
437
83776
02866432
27296
69057
9330043
9376
64704
17
707
765625
6
8467
50144
641
9632
881
0625
33761
7
00000
9
938967
02144
25
4927744
1578624
93609
139
1
7076161
000
13529
5184
9961201
00000
6
7376
2551
0384
04407
30041
97867776
89216
01
81888
31708159
824
25390625
4
01224001
577024
79232161
3226752
727747
0625
9727
7136
89943101
8833024
6
48555776
21478801
27307
424
16
37
00
35853312
82891
3359375
0
47584
89712961
5
8010151
197
1
1
6607
529
4
787904
66710016
00000
0390625
6
66309376
53824
361
2932096
43
000000
3
696
7329577
01
3049
0223
251
71053568
50176
081
1
94784
18350081
90625
9
00000000
07
00000
052992
01121
291201
3376
29607168
985536
89
4893
1
45537024
1
84
187456
0
9
2801
8801
430656
681
25
899
352
512
9905761
0000000
17056
5
03761
38671875
8
952
13664
43
4277
25681
50337397
20601
4711
1
1
520769
35296
68
0151
39712256
5
7210496
6688
4
613696
8001
0000
78125
401137
1015625
7877376
1781376
57856
265625
19140625
0000000
92143769
47776
00096
0624
8071361
0
4850123
5
6
58557
81024
48
410357
79
625
129
4
249
01750016
65625
90625
6
8944
811
64704
7616
2192
296875
91
21201
9325824
4921875
00000000
0000
0000000
8976
979264
2096
40625
95561216
0241
98176
1601601
25390625
03
88926976
92801
677824
976
5625
1
18238249
58976
1171875
4
2
059072
6016
7747
0989
3441
2256
693
0879616
318336
8
321
000
5789056
000000
343936
4
96
56137977
00000
835328
16
000
61
92931584
81
65625
9639936
0000
01
625297
8457341
01
977
92736
00000000
274961
9664
7824
703125
00
6976
18518016
81984
08063
25381376
4436329
1875
9104
9456
211201
64
890625
096
9456
788224
6561
000000
48
7384576
192
84576
00000000
29833
8384
00000
00000
8783
4624
74272
21
01
890625
400576
458304
625
390625
5087
92
4096
90752
16768
59480832
1677929
2505999
89460281
7
3541681
2032
941632
5310976
69
3056
147
3952
323072
26432
2272907
044927
783
375
8163
1
976
259
081
4481
9744
416
1841
8832
6
19136
6
00000000
8275841
99243
01953125
522499
48234121
22265625
7581568
442673
681169
6
90407
56
48726809
09329
43
28481
62654976
0000000
08345001
74019
95129
362079
413056
930561
9
448
336
21024
4
00000
24001
96
96343
0
90625
3714176
57165568
55216213
64
6096
890625
496
279424
481
472
0000
576
861
07041
81872619
7
97
79744
71875
56
5776
57276416
5184
6
6999424
2899
7
58624
765441
333376
281
000000
202368
25
15625
01
2909568
93266176
421875
096
16
00000000
9824
8984375
979161
1893
9
1
31
46738399
6
641
98161
56
152
733487
864
712
2890625
1287168
5254891
9
05344
0000
5376
9
515456
8176
79681
07180507
0000000
664896
557
00000
168
029184
2441
00000000
369
59547841
601
6416
8843904
33
16241
0625
711424
5736893
5
7890625
3403776
625
000000
06990961
17344
77
121
4649
256
443289
519
76
186981
9
5
13184
8578176
6
80127041
3125
00000
6
7
84375
50390625
16
54493696
02401
519999
6
25
953125
000000
0625
401
5779877
82327709
875
60941
004509
64478523
61376
85216
00000
3
64636416
001
7534336
6
456
54296875
93568
6950656
5
825664
6776192
37081
00
000
16
66015625
376
000000
50104832
04
76
4353729
73161729
000000
83
106176
5424
00000
914721
3936
85919
1
64851
6
7619968
800256
0000
078841
6
136
84
000000
0261719
49
73
411201
60706161
99201
093632
8736
625
392
128
0625
026496
7578125
81
378944
724608
27799552
2905681
37376
5813376
31273901
31640625
7481
6
0784
6163072
9
40625
0000000
799
129
00
90625
26099
4001
312
657569
542144
625
40625
23
50729
31072
69
4656128
01
81
226681
9566336
46740736
00000000
359375
57398272
59488
2970624
098001
2964096
092929
8425409
8362496
3092224
36
216
9973632
6
2
99
07
0000
70176
00886961
0040576
6
0625
57
32401
00000
07
7947
03125
144
29184
2890625
000000
4941851
01
59375
89504
6519552
4
58324419
3125
6
08098816
97970944
715929
53761
171875
4208001
709867
76
8546816
1
352
574881
00000000
641024
015625
349248
2424237
415921
321
6
721
5989641
9493
16850432
517279
66743
44653056
1135601
105536
2960671
32
625
861801
61532001
403561
3
6
257
9167
8569
000
38304
73441
3684481
6458368
01
765625
1
17
6315904
9
31043
01
6832
00000
16992
341
4992
50390625
78125
28593
19201
1
208832
076481
48523801
606144
25
29
5087
0000
1156561
90625
01
2832
00000000
35168
0
7601
3014656
020224
27442176
76096
475072
97803
0
0401
24
00
76
09824
01069056
0000
833024
136
569601
51661129
6
76
94816001
7216
583851
37121
183979
81
9824
3514624
90770761
6481
62233
4
561
7361408
4401
68224
81696
751
29359
4
125
62532096
9140625
76961
796875
76
63456
9154944
81824
9
73183744
848384
034368
0000
39815424
32
5645696
01132544
3044321
5216
62401
6
6081
3323
3024
907
00
49
416
3021
16547
2239249
0625
9765625
176
6
201
16
3344
6
9
0000
422656
6
90816
49
44
48681472
812321
3168
88378624
296
24
9296875
000
57
081
76
88432801
88343296
368
1
09908207
0000000
30078125
1911296
81547776
961
376
81
76
201
69081
72317
961
00
625
6
88955401
984
7771393
49
66721
6373376
4496
3757897
190976
5
625
46532864
896
212736
00000000
513
89041
6958529
81
2704
4561
7776
0000
65696
08648448
176
04768
0
6
83897289
784
1770177
83072
754641
0
96
725376
5631232
01
4
47
6777543
8
76
3760001
5
7970304
953344
1
8023808
21
125
009
96
3883776
536384
0896
888
748001
9376
726144
81876629
83100416
9
008
9616
96
904
03521
6
78125
7071041
3515625
99197696
703125
65035776
4437701
4841
17
15625
4529
1
496
735296
9
103
96
108891
78853683
61
1
66432
49
96
5
76
074881
56507
949056
29075456
64
37824
49
531
69157
641
521
5
4686201
7217
41489259
8569601
60015104
8
5076736
1
1364096
342144
000000
081
1876864
0625
40001
54680576
091
6816
1156823
0000
1
0119424
2
01
900141
9296875
00000
9
970201
5997
01274389
4048
00000
001
19995136
390625
98903007
625
1456
48521009
9
56
659649
1
32547209
07521
46234624
8331
015625
0000
92
2
06357
2586624
5296
376
54796369
81640625
421875
501
20032
584
6241361
7741696
1
746624
0224
816512
54199
4375
7890625
11
9
0000000
000
69
7690561
6420736
4780641
81
72
84594993
6
000000
58321
59
89
57
572717
04
0522561
2287
1536
54686329
1936
8
2653
00000
76
00
1
000
071
11458293
21
5024
89
12768321
2013568
7
622883
03042681
91681
56
704
38309376
7725312
5351936
2359936
75616
16
4084201
03125
76
1
992011
7
8
14601
0677
8095321
3131776
07034624
9
00000000
28125
281
5057792
9350561
3115648
6
401
5625
906971
86144
11
5
07239
0
6
242496
488799
377261
24
63264
96
061
3931
19621
29764864
37696
7248
87400529
8961
83
13
6
15776
5
16
104
6
4
8393169
729024
279488
402624
201
4
96
7167744
61
49
328
000
505344
72203264
53149
85728801
39224001
068416
193761
00832
27734375
89516288
0000
61
84
2194816
19584
101
48147251
20663761
55722971
6
66796875
31548161
3
14081536
39001
7890625
4832
13601
65056
966656
347087
536576
04230144
17888
1
773696
81376
60742144
424
9486557
0
281
00000
1
409
5509
0709376
23959296
0123776
024
890625
87041
6
54569
29601
2
024704
0413081
9907
3
2841921
203125
176
6
2879
890625
00
7
5
33376
61984
2
934976
601
833216
1
896
819493
00
086016
9
6
90104576
198081
390625
24
328125
6640625
63
049
40828928
1
4407424
8054549
35085824
1906432
1
4
5967309
632
883999
0000000
42751
49368064
0000000
89056
1082121
721
3925632
5
000000
59275776
383001
8974249
1
90625
83
24881
0000000
5625
6416
44832
84
0000
44
953125
03
39406592
3112089
0000000
13182976
1
6256
00
072
801281
00
696
5362176
36
04
250176
96
000
81
4303
56768
3931
53568
2544
9344
8
1601
0649
0000000
893696
88388801
039
17041
0625
7441
34765625
391616
46721
7
2
449
2625536
2
3776
9104
032064
734375
64
11601153
4
6
96859136
81
64662784
6
569
25
30729216
00000000
456
733824
3
4
5504
13376
792
0998656
11019776
04441
4
9312
184449
000
5136
0
32
7232999
940329
46875
3561
26171875
32
408576
26791424
216
8624
261601
4
4
1151232
1
5392
765625
13729
48
6
89027359
75
66033152
3515625
5851
3125
53207
8912
93
616
2896768
3633
776
3024
59
1
69188569
74213
1
00
449121
7521
1849
99804672
40625
24
3
3486401
5
625
391369
081
625
31232
7
6
737389
76700801
6
21303181
4353024
9
96222464
60192
9
4649
343488
28667
561
83072768
47062303
08
401856
0
00
10997457
625
32
96
64
47
751
53719907
92249
4881
00000000
6404417
63381
00390625
0625
26976
00000
816
52896
557
0625
067136
74953
00
5
00
6
625
478049
625
21
8055808
224
914176
176704
670637
2887168
42176
90625
36
8
3
37536
0
8249
2327
51
33638401
7
384256
000
41441
6
00
2890625
9696
90625
9184
4241
0
8375361
76
601
44352
5
6576
1
242401
7382561
21
3
00000
64
640625
4209152
67284224
71361
296587
65816832
1875
65394432
6864
00000
44
5310976
44065536
3
56151601
192
690944
71
25390625
000
5
75441
70944
267
78462976
640625
0000
335296
9
321
251712
0625
26369
041
853312
9
624
5769728
34375
9074719
000
42367169
58878976
021
1
11377121
06423
73523968
4933
08389376
60708577
9056
59
2004096
763
69793
7
3014749
0
681
842621
6104961
8759808
614801
76
5376
715717
29889129
9416969
9347
851
93354752
4
6089
4131107
8249
34001
488
9452801
61
2361
07177041
7382509
576
000000
99
286464
731881
76
61
0000000
381721
00000
369
36
3471616
1015625
5
481921
707
42048
53696
125
048576
64
3136
35799693
000000
649
4233
76
5
25792
648576
752384
9264
670528
000000
890625
9164709
9453125
76
88468992
9489
44209
0000000
76
3776
474657
1
13539327
7
250432
1157
81283739
3193344
986944
6416
37377536
11
1
718641
625
0137
1874816
961
074432
1168
3419013
426432
1602881
77824
000
85813289
4969749
7612416
9093248
38733201
07
000000
5971
12
635264
1
624
89
688
50656
858624
00
00040601
63
521
72161
41
61216
00
70631168
201
1
0625
0
8920321
84768
611968
7504
00
7376
216
001
6
448
83
70401
3394688
2801
0625
4264689
28125
67673359
15231232
666176
41344
5206081
63277312
231563
00000
93696
121
75
49
872
9201
25
09489
8531584
90251769
776481
0000000
344
7
9728
66864641
4
077376
00000
04353
656
89390336
23529
84
29244416
328125
3908801
776
7639801
6
361
1274624
921
34392064
159747
449344
15625
00270848
015625
237376
32
6294561
96
6
7893849
3989
0976
693
36
277376
681
875
1578368
426791
5
06432
875
01
7
278336
40625
39356928
54329
7
9
97451
841
7809
944
81
31192576
6875
9
9
8
61152
80384
7265625
9
376
578125
000
6331
48483584
56
906368
32
841
336
849
81
5412449
44
01
000000
936
1146624
75390625
00000000
71541143
2
000000
76
9644461
1
34304
136
3017469
56
9765625
1047
0
2727296
08367616
50976
348416
18048
453125
801
8911
3198208
00000
033
09
29121
3328
1696
4
197
54593536
1
6186001
0536832
12890625
625
000000
84
4375
4
00000000
718912
6
29
26201
90693376
73046875
94409
5369
115007
56640625
41
39
5663
7449
06640625
28
704
4375
946176
1
0000
3349001
5859375
38077
8625231
2
3
438464
4
000000
608
6888357
52779
0
176
096
27392
890625
0000
064
024
77
856
04
4623
3001
0
915351
5973933
000
11890944
611136
597248
80271809
92896
765625
6754176
424
0
6601
5390625
9640241
0625
157769
264
5
9082941
96964473
1
064
1248
1
66089
25711937
0625
328125
091767
9472
875
9230809
358641
13601
21
973056
09376
1
617856
584
4528
62949
12257536
0896
25
01569
973841
5568
825321
15910681
5
176
625
0000000
5
6016256
00
0000000
01624064
7734375
45975521
586176
06669
3072
03584
0000000
13216
78497024
07201
2864
16158081
2847081
122944
625
7281
333632
0000
999609
6
01
0725376
624
61831
625
6527104
9169
21113
3
67485696
6640625
0657024
00
9140625
783057
1567201
171875
09418449
26496
352
21
00000
0832
0774784
361
92256
732928
0209833
436352
488961
149
1
49
20561
8
000000
98801
3166976
1791232
780992
45521
5848192
502976
9040167
16963
0455401
00000
57
000000
0601
8
25390625
6221
0000000
616
000000
233
041
67
91870208
66478336
77726311
824
947921
0000000
092891
128
90625
84818176
74496
47
43604736
456
51936
5
166401
7
52864
29641
6
037
984
047441
6896
49
1
05856
1591
409
9375
99730943
46875
714761
77728
24001
96213171
017856
59
1
76
6192
0622661
244933
00000
000000
7904
00
112
390625
1
6
7
475801
90247936
22689
29036032
20110336
0
4
23635456
35251
375616
104
31042637
32141097
01
09375
7776
000000
00
01
1978624
3216
636001
881
3
68157
999
30832547
21875
44921
00000000
848
75
40625
281
13421
015625
649
6
5387136
024
30336
1473792
9
094649
1
65625
7
48771841
80736
0000
0653056
641
416576
25
000000
00
8
678807
2153216
867904
0000
00862976
34721
4
41
71636736
76
890625
1
2890625
2512
849
25
17097051
000000
281
82336
224
7943
25
1
15602176
536
6
233664
9470161
840129
5049
0000
3121
1
0
25504
765121
01
04
6
01
3
15313801
24
4241
511361
7456
5201
81
05267456
968
91136
88005376
7887616
817792
696
0289
0625
536
217216
618496
342336
00000000
94976
56
33984375
99
792
37893
25
01
36
8639009
0001
4624
643401
80818176
072
136
625
7809
24343
5453056
6491776
288
4417901
0000
29
28531
7938529
424
371
8125
1
6094409
3
31849
776
48512
49
35936
16961
8428641
8493
0
0401
17137
586496
5975936
22493441
50860747
8378189
87201
4115456
4140625
5570829
081
3087
58627072
824
6226176
297659
0625
0000
35366656
0000000
000
21
43
656
741201
72
15337441
7604001
6
83984375
92576
5
36
7125632
2371841
6
00000000
93
1
89
5
008329
5552361
93685939
0000000
4
625
241
71626496
2736
93
6
28
2721
1696
376
632729
24324096
2890625
72048001
77921
84704
9813888
1
8157
2241
03
59569
001
1
0000
064448
7
62464
31232
84344093
4493
37
1
072768
0293201
6133376
00000
8359375
3107249
68
92201
976
015625
9
1
697216
9
000
7715841
9
84
1
4576
24
03
6961
4
341521
09375
1
7
00000
0372736
1
000
9
832576
32
041
3193
73424384
933307
168
56
640704
056
9
6640625
6
141
96
000000
214976
00
25
50390625
72828321
9409664
381
9
36
1855488
768
34523648
8125
037251
856
445568
25376
6294912
643072
664
84773
329
502001
5625
0000
9
3966791
2864896
52
10081
32
00
78125
63
43
8025856
000000
921
73
256
6064
56
67287296
401
87008
75009
3361
61
308517
850112
03201
601
241
629841
59560989
3
0000000
6568201
298432
904
39109689
3287
6
9376
6
041
12890625
63
136
256
80307
521
0
49376
4
00000000
5649
49807104
16481
08
32064
41796875
625
000
856
90625
325504
218321
18609
99378393
0
5
8
76
890625
5
7890625
67
36
890625
9140625
44
01
1
946849
71875
7
96768
890625
67283
147169
0000000
224
57293568
4372224
8
01
6144
5
45970241
7904801
504128
832
1640625
5579119
95063
1015625
49197056
161
00
5835648
83147776
2
29296875
00000000
41
830017
57
00947968
29303552
49
9921875
2096233
1909376
27
66123303
9
611403
1407744
90625
1
434944
152
7
36867584
00000000
512
256
8506033
552
6
00000
40525312
35104
6
94004224
0000
1
49
197
11511727
4256
1456733
00000
01
80052736
47389696
501
6224
47547201
000
768
7104
7
6
7069
64604928
96
464
11361551
205056
6224
00000
720001
0000000
368064
6
40841
76
00000000
959
8008576
5
4149761
99
24
41741312
625
6
2
05696
30368
25
0210304
21472
000000
889856
9240041
6
41
969024
64329728
1167
6978176
4
12
3
014449
61521
081
470443
6
8
6772001
31485307
3
9964641
625
86771
7776783
07936
000
325824
401
9409
0706081
816
0000000
001
78515625
0944
790961
36
287
696
023357
4687921
243281
561
62816
592
1
70496
83762489
76
00000
921317
7630929
01
000
625
917376
46872001
317
56
21
5213
80256
75
32
352256
3726081
2019841
625
33536
795776
5
3828125
5
193
016
1787776
521
16
96
2427392
034816
1
30624
534976
9
241
21568
3
917
84375
1
289536
00
4
01
08975249
397321
2544
4
950656
41
03
625
3477841
2144
481
9
390625
08240481
4
68921167
589281
24801
57
56881
316544
6144
76
167
53923
61498001
01
2201
74976
01
56
3216543
552303
765625
568
6
69
93
976
24073921
717
656
122176
9761951
6
1
3503619
79365376
9
32715169
824
0000000
421875
00171776
1
99601921
18308096
0
84
9
1
875
049
04
00
339072
000
0000
4
2187264
953
90625
197632
88
71859456
151
7690624
50592
197376
01
59361
81
620736
0000000
28161
375
533321
0000
86638229
0202129
527
10469049
6
467943
1
936
11616
0000
301632
4749824
96875
181568
91946496
6
864
000
567
06624
00000
4591281
56451
037
79936
56
72001024
2
786432
000
6
0
2804769
6176
801
00
1
5876233
7769
983
4
00
0000000
875
96710081
00
4654401
6714368
73093
3566464
4103936
63
25
704947
4
36
265625
1
449
000
016128
82016
43776
0867
0625
00000
5
3761
6672
7
1
19
081344
5329
36
84
23761
670336
096
03669
37643
2746624
00000
1908224
5201
8336
01
7131609
9140625
32968161
22882816
1
01
0
1721
467712
0000
6
016
51
875
01
90625
209121
576
54144
65625
01
9424
6
0625
601
000
0401
874048
82479
00416
4576
869376
23828125
01411584
5326401
55856241
86563
65500416
81
424
88723269
8816
7
8
0760321
390625
8784
9521
99
2368
0000000
9609375
81
6
91083207
82419
0167
00000
08
426624
601
375
67
544
01
0000000
1
92
975936
0736
9647049
69906621
752576
507
76992
34375
643489
2
2
890625
736
61
16
01
69
7337
015625
5579521
3121
75897121
24
000000
37
6
855841
2976
496
329
85710961
3125
25
057408
0000
140625
6
2644864
6
5
0000
04
1051
2890625
365901
8729
21875
8688
375
000000
3358976
20801
78125
303936
5
0000
39315789
0256
250176
67633
17710336
4618624
973696
7775232
63841
0625
390625
71758401
51442944
59829643
807
00000000
0
25
62176
49824
25
3737601
43123
4
415143
5232
44
37
872
5169
129
75
88232977
817249
000
9088
2686039
461681
311
125
0
12
001
52219251
32
128
9527
567041
677
00000
18863616
184349
6
986069
432
649599
7136
215872
796959
1
864729
08
101857
05408
281
1
0000
986624
95787776
27862016
6
000000
34076672
0
6
6721
8801
33627601
0000
000
000
29504
2
8882432
000
4
00000
073
10407
534049
3194624
9809267
287
693
24469133
3248
2416
1584
14518693
031296
80704
726656
761
9
76
9376
625
935424
4921875
1
469
69094049
09565696
70859008
19
140625
828125
94713601
000000
9
000000
4001
6704
36
36178733
21
7729
94874641
2357
724096
25
68
72
39
390625
9
9511936
25
15104
696
36
329536
98839
1
21
3147776
0625
94809
09
83019776
36
765625
46010624
07773184
16032
00
496
17
5151121
2209
97504768
25
1
28961
25
0
60832
896
2
82220544
0325376
0
3
67
837504
5409
25
96875
50219776
0000000
89
83264
5201
0000
21
76704
805632
914624
0129
712896
5
1209
1
0576
928
4267849
6
000000
76
2623
79651081
736
376
04607839
500931
68
890625
1875
602944
000
31
000000
7648
5
8414641
57824
487
2
04
25
679424
21216
6361
434816
000
9968
71983
064
96875
5
168
890625
0
5601
009
00000
1768631
6
2
181
9856
11936
2
94641
896719
6931241
816
56556032
94496
4946176
2976
5717504
74229007
8256
7874176
625
259499
03424
25
297
000000
4912
2518656
3
1161
5241
456
6
1
552
06857
2895299
1
6
75
913216
769
046087
652761
04
1
5
1648
741
60608
625
625
000000
3104
401856
5159296
34867041
000000
216
34161152
048143
1328
000
0000000
87470336
6
2
67986688
47988736
7068241
027893
28125
3872896
81761
6484375
12872161
57325601
01
6
936
22843
49504
2
7432576
812032
62890625
303121
05934293
01568
8046875
56
94140625
44896
64
34846401
9584
873757
1
668352
832896
3245824
52
00
000000
5625
0859375
0000000
361
4881
4803968
000000
76
6276681
84
666311
4081
69513216
29
039
21
36
2277888
24576
28838656
649
3441
00000
576704
470801
424
19
23560192
89088769
01
59425536
99742464
76
0884741
1
000
4496463
77482641
0000000
0000
6
00000000
1
922081
33203125
2890625
3409
000000
38521
6
6321
25545984
71693
9675201
625
2917
12
3
44117521
93319649
4544
616
35559
3376
209921
68
01
2721
45322496
9
5625
56
50390625
6899881
601
1
1
8
808
211697
0171969
0
319
31776
2172241
61
111616
0
177
8224
721
65521
953984
61718272
00
49
4818816
5390625
462976
49
26501376
6929
76069376
84714841
144
34347341
224
3828125
9140625
01
09376
453376
472609
77
1316224
640625
845376
75
2
26656
4
2969
34528
9
44
08978401
5229568
76169
9586176
0625
52409
1
6
04
8642401
00000
6
352
881557
78979072
16096
9
024
48610304
26329
801
2852019
96875
92896
14063872
168
56
7
7666816
25
40625
863936
4401
6038656
8848
000000
1
4109
42639
8496
1
3041
192896
12576
736
436403
84
45184
089
000000
640625
5
7
61
6239871
8001
76
6
98656
94176
208
25
082048
7104
6
00000000
61728
76
84
98388481
00000
576
59442432
3841
9765625
6
00000000
7601
3784761
9809
25
49
69984
845013
137457
25
2
000
0
7
56992
1647
000
21
841
0
7
7
75287833
081
1732799
0581376
2883456
01
64
08
76096
4
161
07503
000
10176
8865024
900691
00000
8401
9214976
6
00000000
77620161
74828801
8
5708032
6
5
12890625
8779919
0
4391936
75744
17801
9
000
3111
272
224
08416
4409
7
139601
0000
5121
20911616
1614976
1
0
000
684224
77572343
34765625
70738449
00000000
83744
87781441
0405607
68
1
6976
9569
1424
6711
1
61
24
061
2662784
6
375
00000000
01
055232
8993
00
4496
29789257
63890432
000
4961
645504
1
000
9
3
625
976
00000
6582528
5201
39
8
4
624
0000
384832
0481
625
39049
554273
979008
98185601
6436721
54193
00000000
0785807
81
84
9754112
344
85376
31030016
56342357
6
623
104
7782921
01
000
0000000
7
0000000
593
6
43744
8057
491357
75063296
374129
6953125
77559296
6
125167
0903761
04224
0304
8264576
369
96
4569001
1572224
1
8
1040449
000
625024
84256
561777
851776
57664
060736
407169
344
641
09129
08001
2928
43
96896
000000
41
216
96875
21875
232
0000
684217
17628743
6948096
7201152
00000
5
6944
4
000
8856576
5
1900544
4
6
0
70501
68
44256
7146881
31776
616
859375
5
643681
0000
1268127
01
00
0096
9
881
620129
176
15661568
0000000
5954217
14910501
6256
24
118976
4750336
81
9
15699456
00000000
890625
801
7729
3589632
376
625
1136896
8608
99264512
8281
584256
6
90976
3969664
018241
041
951
5847168
75390625
973841
640625
4384
54993
1
7762176
7423744
4
48121
5392
414241
01383
53
68
21
562496
3469
16
921
000000
24
4771093
6427264
0
1875
9
796875
51013943
4851841
1136
000
0321
12890625
83689
007424
9249
245449
7641
25
206001
3040896
000000
17376
721
000
0000
2496
833
741
0
8
000
0
01
6
33
1084672
4
465856
14755584
2869247
25
170257
128
33568
97887232
65625
640625
625
673201
1488
5390625
01
4366841
520704
00
5
083136
04
00
59009
9024
0625
64835971
4496
6600832
0000
0
83401
4303104
3844736
608
992
76
41
875
59041
143616
00000
6
68727
56032
464
9765625
2137216
84209
441
832969
1
016
69
1744
00390625
890625
1097984
00000000
7
00
3
27424
95905249
1
353
6001
5
777
36
68249
1711
9041
501453
96576
41856
06076928
62931841
29824
00
21875
1640625
0000
593053
25
8
2224
401
8267264
23892224
00
7845449
01
7
15939
04507167
150499
3339
42501893
40448
3163
221376
376
000
166976
481
8336
361
2
76
0084096
729
000000
13376
136
5456896
41
75563971
43229083
27
7
19921875
352001
21875
0000
57291008
046976
8311424
84765625
64944801
04
4
218304
9509281
28704
402423
43201
72
11616
1
9546496
736
18599936
90625
76
337
25
70624
349
95644672
7070769
6432
67134561
0000
04
4636032
042187
36736
8
081
82016
4191889
6869807
06557
961
04
2
37406976
304
000
681
0528
2493771
83042043
04
25
86328125
37872101
69184
01
929
096
7
27172369
7566249
295936
0416
2339193
68240361
41152
948224
640625
9634176
734375
6701
7695901
25
9563008
792
6243
5
01
5
7958721
7828721
25248
664961
000000
0000
24
40625
7527681
01
9949056
6875
456
88483597
44
44186609
0449
9623424
533613
40837376
08261
6
89
077376
80552192
82912
13234176
535232
02660608
66923776
856
89376
9
201
8329216
00000
2890625
5695081
2439
5975296
00000
40290816
44
0000000
625
1641
0625
8
6
056
42014801
620561
4384
00000
2058241
9264
0625
0000
0000
7685009
51
00000
14784
9447
6699
1230848
33191149
8
16
000
597824
7839849
30746624
03057557
31904
432256
30816
6
632
218176
801
8978357
2689
83904
90625
1024
016
243
9601
7041
4656
1296
88
54296875
8125
041
9140625
2
49
5
871201
43708416
625
697
000
37890625
07232
7578125
5701601
00000000
07968
3424
416
01
5
1
31
334016
94590976
96
8125
6
21
5689
7785216
806976
5
496
7991
1
0000000
31640625
50390625
8321
7
109568
21
292249
2237952
5
3
95264
4864
2217409
5
84
00
22752153
89181251
0361
01956096
73481721
09
5
416
10561
00
97619
712384
0
131249
68
26001
81
4961
7285248
77
28091
94329
80065221
84
207
297753
5
16
375
3038976
91296
0
0496
016
1049
387191
887296
00000
64453125
4896
3670528
16977408
4327681
904
0200576
4326241
088
40625
1796875
79523
521
00000
341521
85439
627328
8530247
51552
01632
76955904
589056
74127616
001
6
000
827
10603776
069376
12111
83
1
8090001
6602496
83232
167424
90625
7218176
9681
29
5
1173
20370119
46016
20448
3049
5625
416
5882496
0625
44
8
970001
3289
96306688
60807
6208
44707
6
65625
38881
614144
5341696
04779061
73605376
937536
9147361
656
79056896
6
249
1168
9
8019209
67776
000
9049
84641
15979776
55559681
6
2890625
4976
481
501
25
1768448
4401
105024
625
2
75174409
75397
042897
53125
568
0538496
6
2668544
61
8703744
00000000
883201
49
2721
901
297001
8899349
56745216
19872256
000
360256
8364891
1856
69
35653649
4478921
2
953
00119
8752
88899201
9501611
6094976
0000
01329
83227136
0001
1384064
869401
2890625
96
56
1472
21696
96992
5
9
80024576
174976
37890625
33727
216
0
11616
0625
49
75281
81
7936
76
0000000
44
6016
9238784
000
9193
9
41
25390625
3011833
938961
000000
9
7
001
84224
4106609
41
93165837
3327
4
081
168
601
0772736
66141696
3576576
99
4422401
5008
33376
4992
241
7265625
4291456
3929649
87369
0481
00
2368
6801
10162944
632
159616
36
161
473641
000
716319
9376
00000
37221376
00
89
019
6
63662979
6608
76
300864
333
7456
24481
96
39757617
0000000
6576
391409
8249
9765625
6142749
53
3307819
76
0416
390625
539776
488
6
168
4561
690944
343
7626001
4
40736
1
9
6
359375
6693
000
9
61376
1296
000000
00
625
4
71836153
520256
21
498561
6577
7761
3727
3
0000000
11411968
7608201
5296
015625
176
1557
95909376
04013
125
5133801
74521
00000
70976
0000000
443
5545651
59872
4401
4
5366099
36777
751
27
6
18502144
2400256
7
0000000
0768
00
00
33417
87874949
317632
84703
5
3
25
09
309449
89843201
6
02201
87613
2734375
81929
66801
31640625
9106761
1
93184
57824001
96
28
58082989
01
59498496
22688
84
93
6
89975296
6107
4547
85344
72249
9616013
00601
24
6
410249
00000
5625
4
3294449
609
072
41
4311
009
640625
000000
9296875
0
1
4961
1530624
007616
95703125
1195392
81059
4115712
25
34375
2644736
09
00
0
96
3922176
1
22976
06818401
552
1
16
88
000
696
0000000
6960801
76032001
0487
5625
819073
0191029
32
74757376
2649
72
1938081
696
5216
868032
21
34112
0
16
125
00
62809344
90618624
576
00000000
00001
657773
1711841
64
0625
0000000
4
25650757
4848
0000
4401
256809
0000
72
002176
376
45898961
00000
6875
4
032256
93184256
0369
981623
90625
612416
8
576
49
625
4737408
96875
149
0
2261376
349056
5625
8176
2314769
4140625
251
762001
8976
39822592
4896
06418321
3380481
63640832
8641
000
101541
6336
1592832
000000
162624
71121
01
5073024
176
7563361
01
59096997
04
76
1
049067
7397601
0000000
84
00
0000
889243
0000
8
298432
47
6
117689
797376
02076161
14919424
6
000000
0
14484736
0053376
00000000
55435264
6
9443
78125
94176
9
4639003
974999
096
0000000
495449
9
936
0
0061039
6176
71
0
00000000
7168
22656
0647
4
5361
0000000
69376
84
26119
00000000
80853248
000
625
76607
52
000000
999
3
66437
666816
00000
90625
81
41184
33
72001
0392323
709201
5625
2890625
961
3376
1
4513
001
953125
01
0000000
39
034293
8104321
1376
00
622961
28736
384
521
75254784
56704
007
76
49408
8822881
5709
5696
9209
536
1447
0000
74824441
29717281
28082944
1
361
0000
169
02816
3456
370893
28
24
3028224
09178112
6401
99
76
2166016
19140625
25
344
07
000000
49216
0016
0617984
4190976
93
167
557
97029376
9765625
2601
06640625
933281
33216
88011149
0
9
00
21484375
2896
0000
1
1552
71
4951424
78125
1
1160749
000000
92493299
918609
36
16330001
06368
283921
40038656
96
416
53515625
6
375
6
064576
05655296
84358144
03143
152
000000
0390625
1
57849
6
000
27841
249
24
0000
0000
801
84
8297659
256561
8976
8
93858304
401
291
000
69053
2712576
0000000
663872
943936
875968
081
191616
8826624
0217077
6001
8359375
0000
0000
0625
02432
64829421
4350976
72
4493824
68
016
432057
25
4
70424247
634699
6
0000000
81
6
390625
0
9025561
56
9375
000000
5
02860721
7338624
1
99872
046784
82824249
4
9609375
54234317
2
41
000000
079936
2910001
1327929
376
4511744
049
99479681
4
16
00000
29
336896
000
36
69140625
776
5978871
374976
69143
95264
5
25
481
29
661
00
056
53846016
671808
76
90625
10641
5264
40056576
88
7576321
1047389
27
19246691
32
0
199168
77856
4058401
5281
703
816
301
39
0816
16
03775361
6432
0710656
920881
71791
66336
657
1
443
730432
7727616
5216
00000000
7984
0000
5625
1875
81
976
00
93359375
1171875
01056
66111
91
34466816
544
32544
1681
2
1
41615616
178176
6
928
699841
16
816
60199249
971263
28871
225664
7458432
2100736
2712501
689
25925376
42701312
0000000
000000
25
26336
93585664
64
04398336
4
89536
9329
5390625
82976
443201
7601
61443072
0
76
4494801
000
00000000
13568
79296875
61536
30411661
304
8272217
1
2368
0
24
069
29
00000
143073
000
6
4
7529
1
961
481
5625
00000000
49467519
898624
00000000
544
342976
1
99516841
296
1
4996521
0176
7
79089408
00000000
1
3203125
24551
8592
121
7002368
769216
2872169
7583
76
0843776
87890625
768
02189824
2633216
369
6741
0000000
3712
4801
4
59057
52901401
24
5536
6
0001
89
01
5
625
0000
76161
28466176
1
721
1
140625
7376
76
6
3376
2849
9157376
6025856
9249
56
000
94727
7521
6534801
000
929
19441408
41
001
016
00000000
499
5
7424
00000000
83849
0871936
000000
0000
11176961
68
457
79157
000000
001
6368
0861843
00000000
19296
424
2391424
7801
6169
2893501
0
096649
18834176
431744
2576
5
3164672
850039
3231744
194169
808
344
5625
0000
000000
56
01
0625
1
00000
2
4044089
0205824
601
5654401
1516032
789209
671875
30551296
3296
84375
00000000
5517
6
581
0000000
21
22109921
0
976
33
224
0304
3536
01856
1728
000
921
01953125
33856
0000000
0
00000
4541289
03125
00999
0625
6209
07
304
336
5361789
01
00000000
2481
045696
2890625
625
2867456
624
050369
536
2820096
51488
0000000
1
184
43521
2368
89231
21344
75475456
357361
11424
00000
00000000
0
27424
002944
224
9375
741761
7755159
6503296
15435776
1
2304
53125
95223
7525376
1
65824
07296
83658752
000000
28125
777761
60647
21
53
493
1629211
66790144
81
841
336
736
168
6560128
87231
00896
0000000
5408256
001
0000000
1943
78452773
93
550541
00
94140625
61
03125
46496
33
9387
5056
90625
01
6
449
3607936
6445824
9198743
9
01
403
76
72736
0625
44
0
1
486561
12
00000
76
043
289
938624
0625
0148736
5470976
12443
3882624
3239296
7743179
0341
6
2039
1
59
111
59765625
96369
5165824
2001
863249
081
80736
2606367
48461
4049
0312704
3
441
28001
2344576
6
96
50081
0000
453293
03232
08
53515625
61
892416
24
0000
943201
43210801
36
0625
1
0560896
9104
0
29056
2
266057
4
78176
7
69
976
32
968
33091584
0923904
081
9
793
45361
48001
6
53125
0
641
0000
76
7402889
25
54954401
009
05569887
952
0000
78681
4881
54432
52
0000
87877376
000000
70397953
176
3486321
05139447
4
7
464673
546875
401024
99512064
19601
1568
4464512
83182137
04
6
892736
7
2704
1
81119
10176
78125
7411127
6
938432
8887
966976
25
96
000000
3276672
62179
215557
73761536
56819171
881
61
59
256
7
36288
50212864
136
224
83424
401
0165376
124928
2243929
56
76
00000
8
754624
824
6
7521
0
94140625
336
91744
92765696
0625
9340288
881281
57
56833001
0000
01
144247
75
532416
9609375
0944
3296
8736
000
041
0247
004224
854656
4517376
592
1
5
5296
639
0000
649
8649
9913841
00000
88963409
3988736
6576
696
51539999
984
25
41204736
00
136
36
8196293
5936
024853
09
1
2016
5264
904
16
5931
59425024
8893056
1
1
13245184
8376576
3776
92704
00000000
25
016
45312
521
1
1
869789
8649
6442821
25
4369
5936
5261689
961
869761
0625
06971
00000000
05523507
8234223
6432
0000
385993
771264
0000
6
969
31776
801
546875
7563437
000000
37136128
21792
4944
2064161
59392
36
3296
3742208
44140625
449
73024
00000
13376
00000000
921957
6
3216
47
000
853696
59
049
786624
1875
096896
569
04
319808
00000000
0000
7
75390625
0816
376
481797
1
7601
138831
71776
6799
00
29
83220224
6121728
28515625
171875
39
1
74510336
13601
2142976
5728
25
1552
0576
76
0979
4161
00000
94729
96
89
328125
6561
5715584
802401
8041
8881
6
3
63
018001
40467712
6550529
61
241
625
865193
656557
25
9638327
0544896
98599
04167936
000000
018624
2
04176896
7689
000
8
0000000
75
5296
2428649
5390625
6656
00
67578125
101824
65625
000
6
0277248
00000000
00
0000
08529
4718267
31986881
36
561
12
98224009
00000
0466307
5757
16
65384751
09
189248
799641
890921
76992
94921875
1924059
2576
1024
720663
0849
0000000
6
32387201
2890625
3921
84
42418176
4775296
976
6943
693376
33339557
625
08
97046016
34997
4
1
768
24576881
25
203125
21258496
36
6504576
0
0211968
83886529
193049
15625
6674693
000000
85102336
3125
6417536
64
42784
301376
28125
25
64950784
41749709
624
96
6
00
196621
81640625
2919041
0102784
5124864
00000
7144693
9
768
974336
5
1584
201
4721
6
1
7265625
4
29594624
01
96381952
0000000
008
53125
001
102464
696
01
261
25
21
8797
23936
25
6243
29024
000000
754368
1875
3
472
84416
2
0625
5763841
72
28
81
96
037
41547671
3
3049
21091328
6
1
7776
96
0721
112
5056
390625
890625
6329472
000
6
0320256
625
00000000
536
0
967552
6015625
216
008629
0304
001
909824
2276001
6
96
9550241
87831129
696001
67343
000000
00
56
37
2
75744
47392
44
56
8
40482048
02710016
21
30721
000000
048
93705984
5390625
89030656
52
75776
59187149
804001
251
44209
917
606449
1201
28736
000000
49
50363
9681
43
890625
209649
080512
576
7
000000
58066881
9
729
51379
4686464
77573761
256
9081
3601
9
000
4903693
5
743
744
21
500032
9376
11872
9521
9
93
11909161
0000
15015169
65659
379264
398208
40944031
24
898176
805888
0208
22081
27
6
12481
028864
1
10450176
417
7890625
57
5
76
2
184
696
9271681
2675801
04
2
9581921
63
1856367
9140625
19552512
00000
6
5709
41
21
46875
56462336
1
4481
888049
33
79
92288
6465792
063361
16
5390625
20641
1712
4140625
020736
1389
9140625
76
7890625
75673
70535936
03515625
6016
281
5
6
7
890625
6801
00000000
000
1281
41819392
00
16
4
6348032
850624
265625
1344
616768
183
00000
2163
6822656
0
5884081
25
0000000
89835776
8900343
79
0249
86382817
208
031616
407681
6688
6321
0000000
286001
1
58545309
92610816
76
9921
6
33997568
43
99
84
86143
496
1
344
00000
749531
8
6
10953601
086976
41
78319616
32321
6109
625
41
4992
67776
1296
6016256
4
72
1361
001
0384
2176
36256
6
9
161
81
616
0176
84801
819968
000
61569
0001
2458481
6768
00
747
16681
8071
43
41
329
6834432
0031407
70301696
4
5
93
01056
8393507
32971001
77790976
09
81
7194496
0000000
75149312
8960001
08
4001
000
00
9322752
93181184
4345344
1
73
1
2233
624
00000
6096
6953125
71093801
3008
715456
2
337969
12
5
0
09
7370624
0000
00803241
758848
62861056
0000
6796875
6
696
441
0
272576
6448
9643
36989
000
390625
09197549
6712832
682944
256
0625
86752
00000000
76
1
41
701
259328
511
767729
5
056
000
00000
616
9634176
76576
9024
1708819
00000
483289
839601
51
7664
904
187584
97265625
244473
28
6293399
000
22976
127681
2122347
2890625
398336
16
000
089
201
85632
59
824
00
07
03
51
5401
103296
0625
0
1
889
50487
410129
0625
6
656
07603456
32416
9281
929
6962688
71969
1
41015625
1
7376
625
000000
539601
7024
09
4
79
56
56
69156096
0363776
00
62624
4928
49
93152539
0091776
1
75
193243
9249
6576
7742661
081
495943
32857
7841408
9520256
7
67718649
0466432
1643392
67476224
4496
52759296
000
1
00
400256
873
2269184
24
98025121
31
345536
4746361
43
0000
0000
3099391
6
57689
77952
58001
256
28515625
1
6001
00
4009
707776
801
6
9296875
517
5371987
47109376
023
0078125
79
68481024
000000
4
3608832
380224
8162176
0000000
3056256
349
9
477696
171875
29686016
9
651
28529
8835584
2
5625
7
2
9
697
0184009
8917
616
515625
625
64
6
0
6
29349
00000000
1586749
1
06600089
1113
6
24637121
9
343361
2294721
94140625
1
5995776
29
544
3904
25
00000000
15399936
75390625
6960512
9376
8949
6
9421
53301
72586496
8368
625
97
3093
75
24801
890701
9
000000
34976
89
61
70464
01
54885671
0000000
03328
8081689
048896
9
176
6
6
40306432
0000
23
1497
313088
743488
6
46163968
27456
1488
22467072
6317
68
294849
6
47265625
9
4792576
25
92345601
9977929
3499823
1
649792
91319
56
601
3997249
376
87239168
5
5
9
5
65625
0000
3552
1
25
3921
21
29
000
0000
69504
67361
90881
7653376
4
993
32
00000000
057
2592
00000000
60577
38913536
09765625
734375
625
261
42336
00000000
24
6
4140625
34749
31
08
90249
25
1
02964224
84256
6
4
76
6
000000
7
0000000
847357
1456
7936
625
1
809216
3744
66721
53125
70489
00000
93
1
5390625
00
36449
6
89
25
5
464
6096
361721
42256077
63841
624
1
890625
481
687239
50912
75
7121
0000000
561
4317696
55981056
64369
0000
00569
34138624
98857
00
8416
4561
199681
00000
2414081
43145984
6265856
81
86392001
312
15625
6691
712
61
4624
94017
90625
968
210176
25390625
76
2895616
000000
04256
148609
648
01
433216
6640625
3
91511449
638976
7
984256
4375
68409769
1
312
7136
6
000000
125
921875
7
00
40625
0
1
88
01
0128481
40417024
5530624
39
083281
3598241
64341
416
18817
1
1761
76
9
0
000
49
37056
262449
000000
00000
41
6
96
0247249
856
0000000
5
6
934336
37359
0211
01216
00000
3101824
1
2850816
9
19999744
00
712
87
000000
736
5
3056
56
40763
625
6638336
23
0288
54668032
7
8
135616
2001
95222016
0000000
53125
1357056
993152
0000000
8338816
32601201
28064
66348961
53801
924096
6432
74336
46607041
4096
32608
37376
00000000
00000000
0625
76
0000
1
0000000
1875
1
37597161
625
0000000
0576
4375
85689
00
8639744
9
707
375
71875
07089
401
83
327161
2877
640625
1
0
5776
625
009
86016
00000
30387
824
296
384
9
51904
000
704011
59765625
5
997568
5
6
00390625
0703125
00
4329216
5885201
91835136
91851008
56
73177856
8
33
00417
00000000
26528
09062249
5625
201
5950976
441
241427
20576
54350721
57043449
460161
573376
299776
000000
382677
624
93376
9375
776
67209
776
02976
33
625
6464
0000000
59
75
8721
5601
56
0
809281
296
35330816
256
797609
728
75
00000
25
576
199296
610944
11953761
9
43
52734375
601
000000
01
75
8966016
625
18251776
8883
419
105681
78089
00000
30761
16
451
0844679
0625
97265625
656
01
89856
00
676787
000
77024768
43568899
2650721
000000
25
136
01
4147
344
376
44321
4
49
01
271041
60256641
625
0000000
847424
3479681
28
90625
9
80576
6
8
76
40712192
36
849
6
824001
4
748801
76
000000
00
6064
770176
0625
149376
71961088
000000
16
152256
01
74808832
87776
2241
0882121
76134656
622561
8346649
0000
6006016
6
89293
32184832
69209681
4
69
7624448
3
52896
28589824
66301
9614336
0401
057183
00000000
88
784
36449
3009601
0249
1722001
6
00
41
68768
7211
00
95601
31533824
4
056
00
0802176
41163
625
33
457001
2
7252864
877
5024
0752
4109393
9720123
362201
0721
6949376
5376
00
3376
66464
341179
505143
68
4375
3969
33
687739
72
2352561
1
997229
4973
08777216
81
4
4674943
765625
066176
9007361
6397312
44
25184
081
182999
81
1936
203125
976
5776
3109
4175497
218496
000
6583081
61
4644883
000
57649
79694336
390625
6
3
98728448
99
576
21
5014272
267584
32712999
925121
0859375
2349761
01201
94088249
9647616
01963008
6656
5
4
0
25
21
49288857
16
84
001
0399
0
9
0901376
9
17184
001
000000
9
413093
271616
22048
23718656
000
55616768
89
0085657
1639424
1977216
1
85606656
34375
057
2801
00000
696
5616
20704
3
3134464
16067841
00000
39421
0000
65360896
2273
322176
067749
06640625
9932553
04
6921
218641
0000
380961
3167127
827968
000
9568
29933312
304
56
76
56
0343
47616
387456
625
92
265625
1
4576
9491
450368
32609837
2896
875
84
481
151616
00000000
45699
66741369
6015625
478336
0625
573
31752001
2240759
6
9552
000
4
696
000
641
1
176
84
863873
76
936
1478016
71168
7968
2976
192
0000000
25
984641
1
61
82521
3
65625
68128
0000
984375
08491
6624
000000
035921
05947727
8749056
898176
7250176
5
00000
81
112
165696
66241
72227584
044799
4681
0
00
2904799
25
8359375
0000000
0
13
403
23120896
727799
375
99121
00000000
729
807744
82318721
4375
0546875
77402561
1
0000000
60405229
44
686157
45601
6171
6
85312
3690496
24
15993863
74368
6
1
92303561
81
359375
6949
804864
3154176
43
3
62483201
1
00000
3408
13
25
893248
84375
25928649
93
96875
4862464
91296
9625856
757121
539569
2001
625
5654949
73561
33827072
861
12096
9709
47616
3
56655616
035143
82402816
93504
7476096
3
6
17450496
40625
0000
000000
4467
8
65540352
00
4951
576
0000000
1
5
25
08
9
1472
00390625
125
1
25
5
99
16
0304
9584
79001
1
376
3201
26784
1561
39237
6768
8810129
6762241
401
0000
68
00000
907321
86624
09
000000
4375
9161
61706496
301
6112
0902016
00
25856
49
35136
761
35961856
59136
3548847
89
41
5827
36
51444224
00000000
4
864
54304
5
33921
24431
96
242368
67181
03
657653
499776
457
5390625
2697
90976
53125
3
7568
6
728
09
1875
000
000000
847
4
4375
3056
3307136
32419329
849
6466761
000
4816
0137984
00000000
21
584
0000
0361
15184649
1100607
8896
44416
640625
1640625
03
161
9
6
1296
56
04
5
092169
001
6
0
5859375
837761
7696
11
00000
33344
0000
83521
841
337
8087424
6
81
0
3168
16619776
2576281
1216384
4128
81
554819
471936
499
3
36
1
616
2
06501407
32
5359488
881
610931
265625
946961
8195968
0
06944
07421875
6852997
696
76
615663
63
000000
77979
000
6799
6
25
6
57
000000
3
335939
34375
681
6
3106693
88
61
9
8053888
01
367
75
10525601
299008
5041
493001
61
751
25
52005376
90625
35681
96
343201
1482368
496
623431
5575424
105601
900281
6
4783
890625
5462016
438881
3856
986176
49
5331841
24
944704
176
721
6303616
4736
68864
000000
9085289
11456
6
00000
5527552
7265625
464256
00000000
2336
6
097201
656001
9793201
8046875
536
03232
587
92241
5
5
00000000
9596337
27
201
25
2152576
97
4
32
8928
37212416
86769
2
38224359
1328125
140625
91246336
521
1
00000
56333801
625
51
016
2
47379712
6
681
2224
319479
7536
390625
0804992
89
6089984
4
75263
463936
608
0625
909376
280103
708001
1
01
889
18844416
101376
8
58001
929
05859375
22691
90625
6
949632
000000
45921
00000000
798001
32
00000000
241
1
3369
256
971047
1
4
37081
20286551
9
00379904
00
25
6
46611533
90427
9140625
0000
9
52256
6996001
63094169
1611809
00000000
349504
906816
87109375
44827209
9147113
32
3
02432
6
2
443017
3
8944
49
8561
0000
09
543593
9
417
21
55793
32
573696
07
31763
77228544
00000
56
2
79456
220351
3953131
5625
56
76
455493
5
1
32729
7456
2256
0
401
23403
0
16160256
6209849
5316224
1965113
61328125
789
96
00000
000
390625
625
17376
50624
78626511
76
561
8
794176
000
1
108857
0000000
6
5568
41
0000
2481
6
448576
01849
17661261
48923392
066921
00000000
04296875
17184
03125
02452749
9140625
8016
3776
3239936
43
191
000000
27488
6
378816
98176
80001
000000
1472
78432
908001
000000
7092337
78496
041
448
6350807
9662336
70171
98821
1
23828125
02451
2890625
6002944
455589
0241
1104
00000000
4921875
76
2
129
3121
1648
000000
0144
4806656
37
60809984
000000
243
1
00000000
0000000
0000
2
921
3006601
32
9346816
9
25
249
6699776
976
27968
74241
11357
786816
412096
63357841
9140625
4329856
08416
473797
1
0000000
0000000
58624
7622784
484375
096
9008
7227201
3954561
25
0881
227776
9340893
14014401
000000
9783424
52
8594944
64
688
1015407
216
9
76
34038016
1700864
24
69140625
199
637
00
097856
096
598081
7
200561
6896
0000000
5
408
23232
82592
25757
00000
1484375
0
70816449
00000000
02078976
462357
63
5625
7936
44
09984
377
5424
69
557601
63136
1
25
2464
920321
86181376
625
73963201
668736
234375
6004553
0000000
0000
01
1
15586816
1
77
28
90976
049
0641
87424
8252081
66392576
9441
0586496
7001
4671
117376
2032
41197161
625
4
5625
8594176
1671649
499041
368
96
63
038016
5317632
96
0048256
6089
25360384
15968
4934141
155869
376
6
80862976
136
6838016
601
612689
2807936
00
4
88097792
39
72
6
9921024
6
890625
000000
378432
0625
002112
185216
146129
4912593
00128
97265625
765625
09824
61946624
961
541
000000
376
07
74721
576
4
396672
00000
62656
6
2304
12896
68576
0731
04
8
598976
2721
1
2481
605376
14524928
6875
2573
26240001
0000
2890625
4809
38727936
01
5344
4126336
85405097
5179776
3181056
2
1693
0000
000000
5841
203125
368
404961
9116032
08
2161
4443776
61376
1
21
69
3690624
65950929
000000
5687
25
81
6736
376
41
6
3
78821361
1
693
8741
038336
000000
67249
0964224
39396321
0829184
33216
0
25
7431601
91725889
6845696
001
3508313
3489
1
65625
6
25
73152
16
04256
375
224
80321
79604129
49121
308224
24698081
657757
16027648
0
0307
24
25
289957
3651
36
7843
65161
13
3595776
44140625
22176
0000000
178432
6416
6304
25390625
36
8081
5198887
0919949
93130752
216
6
2
000000
0000
75252736
584576
25568
0009
496
6
33
91521
1339
095499
92416
71649
3
041
496721
0289
5948169
121
000
35049
376
1
00000000
376
38801
70528256
238656
9736081
4641
768
1
7601
49383936
57
8496
67959511
5
54432
286941
78081
68494571
5
45296896
0
6849024
03343
598081
7351
3056
672
8656
976
776
325632
26171875
00
5984
0725893
61
87
00
20032
5
0000000
94769664
84765625
25
376
625
224
477376
69921
61
2001
32
46875
8984375
747968
71607
336091
34546176
12544
41824
3
0000
76588963
5517056
8
0625
34557
47841
017664
1028357
5140857
44801
1
56
00000
93065189
00000
0570496
96
8081
4
92928
1296
4
38886041
1
1
9716801
625
546816
00000
5
1464001
625
9441
5216
0303
8312576
24209807
40544
0000
80018801
00000
23001
42916096
7833344
0729
8624
303657
5
2
31584
6401
927281
00000
6796875
22176
96034816
98601
20805376
098496
5088
32542351
19
197807
80123
090561
55009
13376
625
00000
7069281
9
64736
01
39121
33696
2230016
400211
07
9
2890625
00
5781001
375
06231681
3460992
24
708677
9424
6
