49
00000000
41
3940608
4
24555129
1562449
1129
1
9616
871087
4945799
0009
52
1837129
49
0000
511
7136
12890625
74597376
57
599201
2368
0000
73780429
000000
9744
6
70649
03521
32864
00
2430891
00000000
576
461568
0625
75
8
76
17761
21885557
71
6544789
0000
444757
0625
601
529
25
69140625
0992849
824
7
000000
21761
4080256
4021041
0544
3046875
8961
8
76
8
5625
7
76
0459391
69
000000
25504
0502281
4944
648
00
5569
79
4457521
33
49001
116071
0000000
07
6
649
00000000
97824939
8
57421875
2453093
00
224
5561
45568
00000000
911
4086269
185856
704256
